{"C:\\SPFx_sample\\spo-hawk-gdpr\\src\\webparts\\hawkGdpr\\components\\PivotLargeTabsExample.tsx": {"path":"C:\\SPFx_sample\\spo-hawk-gdpr\\src\\webparts\\hawkGdpr\\components\\PivotLargeTabsExample.tsx","statementMap":{"0":{"start":{"line":1,"column":0},"end":{"line":1,"column":31}},"1":{"start":{"line":2,"column":0},"end":{"line":2,"column":114}},"2":{"start":{"line":4,"column":0},"end":{"line":4,"column":73}},"3":{"start":{"line":7,"column":0},"end":{"line":7,"column":83}},"4":{"start":{"line":8,"column":0},"end":{"line":8,"column":81}},"5":{"start":{"line":11,"column":0},"end":{"line":11,"column":78}},"6":{"start":{"line":14,"column":0},"end":{"line":14,"column":53}},"7":{"start":{"line":15,"column":0},"end":{"line":15,"column":66}},"8":{"start":{"line":22,"column":43},"end":{"line":43,"column":2}},"9":{"start":{"line":45,"column":21},"end":{"line":50,"column":2}},"10":{"start":{"line":51,"column":15},"end":{"line":51,"column":20}},"11":{"start":{"line":52,"column":51},"end":{"line":52,"column":74}},"12":{"start":{"line":53,"column":21},"end":{"line":58,"column":2}},"13":{"start":{"line":94,"column":0},"end":{"line":94,"column":115}},"14":{"start":{"line":94,"column":43},"end":{"line":94,"column":48}},"15":{"start":{"line":126,"column":4},"end":{"line":126,"column":null}},"16":{"start":{"line":109,"column":10},"end":{"line":109,"column":40}},"17":{"start":{"line":110,"column":10},"end":{"line":110,"column":40}},"18":{"start":{"line":626,"column":10},"end":{"line":711,"column":null}},"19":{"start":{"line":627,"column":31},"end":{"line":627,"column":33}},"20":{"start":{"line":628,"column":36},"end":{"line":628,"column":38}},"21":{"start":{"line":630,"column":8},"end":{"line":652,"column":null}},"22":{"start":{"line":631,"column":60},"end":{"line":631,"column":70}},"23":{"start":{"line":631,"column":36},"end":{"line":631,"column":38}},"24":{"start":{"line":631,"column":55},"end":{"line":631,"column":60}},"25":{"start":{"line":632,"column":10},"end":{"line":632,"column":91}},"26":{"start":{"line":633,"column":10},"end":{"line":633,"column":39}},"27":{"start":{"line":634,"column":10},"end":{"line":634,"column":51}},"28":{"start":{"line":635,"column":14},"end":{"line":652,"column":null}},"29":{"start":{"line":636,"column":56},"end":{"line":636,"column":66}},"30":{"start":{"line":636,"column":34},"end":{"line":636,"column":36}},"31":{"start":{"line":636,"column":51},"end":{"line":636,"column":56}},"32":{"start":{"line":637,"column":10},"end":{"line":637,"column":37}},"33":{"start":{"line":638,"column":10},"end":{"line":638,"column":49}},"34":{"start":{"line":639,"column":14},"end":{"line":652,"column":null}},"35":{"start":{"line":640,"column":60},"end":{"line":640,"column":70}},"36":{"start":{"line":640,"column":36},"end":{"line":640,"column":38}},"37":{"start":{"line":640,"column":55},"end":{"line":640,"column":60}},"38":{"start":{"line":641,"column":10},"end":{"line":641,"column":39}},"39":{"start":{"line":642,"column":10},"end":{"line":642,"column":51}},"40":{"start":{"line":643,"column":14},"end":{"line":652,"column":null}},"41":{"start":{"line":644,"column":58},"end":{"line":644,"column":68}},"42":{"start":{"line":644,"column":35},"end":{"line":644,"column":37}},"43":{"start":{"line":644,"column":53},"end":{"line":644,"column":58}},"44":{"start":{"line":645,"column":10},"end":{"line":645,"column":38}},"45":{"start":{"line":646,"column":10},"end":{"line":646,"column":50}},"46":{"start":{"line":648,"column":10},"end":{"line":648,"column":55}},"47":{"start":{"line":649,"column":56},"end":{"line":649,"column":66}},"48":{"start":{"line":649,"column":34},"end":{"line":649,"column":36}},"49":{"start":{"line":649,"column":51},"end":{"line":649,"column":56}},"50":{"start":{"line":650,"column":10},"end":{"line":650,"column":37}},"51":{"start":{"line":651,"column":10},"end":{"line":651,"column":49}},"52":{"start":{"line":653,"column":36},"end":{"line":653,"column":95}},"53":{"start":{"line":653,"column":65},"end":{"line":653,"column":92}},"54":{"start":{"line":655,"column":8},"end":{"line":655,"column":62}},"55":{"start":{"line":656,"column":8},"end":{"line":656,"column":63}},"56":{"start":{"line":657,"column":8},"end":{"line":657,"column":59}},"57":{"start":{"line":658,"column":8},"end":{"line":658,"column":30}},"58":{"start":{"line":659,"column":8},"end":{"line":667,"column":11}},"59":{"start":{"line":660,"column":10},"end":{"line":666,"column":null}},"60":{"start":{"line":661,"column":12},"end":{"line":661,"column":75}},"61":{"start":{"line":662,"column":12},"end":{"line":662,"column":39}},"62":{"start":{"line":664,"column":12},"end":{"line":664,"column":36}},"63":{"start":{"line":665,"column":12},"end":{"line":665,"column":45}},"64":{"start":{"line":668,"column":8},"end":{"line":680,"column":null}},"65":{"start":{"line":669,"column":10},"end":{"line":669,"column":58}},"66":{"start":{"line":670,"column":44},"end":{"line":670,"column":102}},"67":{"start":{"line":670,"column":68},"end":{"line":670,"column":102}},"68":{"start":{"line":671,"column":47},"end":{"line":671,"column":105}},"69":{"start":{"line":671,"column":71},"end":{"line":671,"column":105}},"70":{"start":{"line":672,"column":10},"end":{"line":673,"column":67}},"71":{"start":{"line":674,"column":10},"end":{"line":676,"column":null}},"72":{"start":{"line":674,"column":26},"end":{"line":674,"column":48}},"73":{"start":{"line":674,"column":22},"end":{"line":674,"column":26}},"74":{"start":{"line":675,"column":12},"end":{"line":675,"column":32}},"75":{"start":{"line":678,"column":10},"end":{"line":679,"column":63}},"76":{"start":{"line":682,"column":8},"end":{"line":682,"column":47}},"77":{"start":{"line":683,"column":8},"end":{"line":683,"column":30}},"78":{"start":{"line":684,"column":8},"end":{"line":709,"column":null}},"79":{"start":{"line":685,"column":10},"end":{"line":688,"column":13}},"80":{"start":{"line":689,"column":15},"end":{"line":709,"column":null}},"81":{"start":{"line":690,"column":10},"end":{"line":693,"column":13}},"82":{"start":{"line":694,"column":15},"end":{"line":709,"column":null}},"83":{"start":{"line":695,"column":10},"end":{"line":698,"column":13}},"84":{"start":{"line":699,"column":15},"end":{"line":709,"column":null}},"85":{"start":{"line":700,"column":10},"end":{"line":703,"column":13}},"86":{"start":{"line":705,"column":10},"end":{"line":708,"column":13}},"87":{"start":{"line":728,"column":10},"end":{"line":742,"column":null}},"88":{"start":{"line":729,"column":4},"end":{"line":729,"column":50}},"89":{"start":{"line":730,"column":4},"end":{"line":730,"column":69}},"90":{"start":{"line":732,"column":4},"end":{"line":736,"column":null}},"91":{"start":{"line":733,"column":6},"end":{"line":733,"column":27}},"92":{"start":{"line":735,"column":6},"end":{"line":735,"column":28}},"93":{"start":{"line":737,"column":4},"end":{"line":739,"column":7}},"94":{"start":{"line":744,"column":9},"end":{"line":806,"column":null}},"95":{"start":{"line":745,"column":4},"end":{"line":745,"column":58}},"96":{"start":{"line":748,"column":4},"end":{"line":748,"column":45}},"97":{"start":{"line":749,"column":4},"end":{"line":753,"column":null}},"98":{"start":{"line":750,"column":6},"end":{"line":750,"column":35}},"99":{"start":{"line":752,"column":6},"end":{"line":752,"column":34}},"100":{"start":{"line":755,"column":4},"end":{"line":759,"column":null}},"101":{"start":{"line":756,"column":6},"end":{"line":756,"column":33}},"102":{"start":{"line":758,"column":6},"end":{"line":758,"column":32}},"103":{"start":{"line":761,"column":4},"end":{"line":766,"column":null}},"104":{"start":{"line":763,"column":10},"end":{"line":763,"column":39}},"105":{"start":{"line":765,"column":10},"end":{"line":765,"column":38}},"106":{"start":{"line":767,"column":4},"end":{"line":804,"column":null}},"107":{"start":{"line":769,"column":6},"end":{"line":769,"column":30}},"108":{"start":{"line":770,"column":6},"end":{"line":781,"column":7}},"109":{"start":{"line":771,"column":6},"end":{"line":778,"column":8}},"110":{"start":{"line":772,"column":29},"end":{"line":772,"column":60}},"111":{"start":{"line":773,"column":8},"end":{"line":776,"column":null}},"112":{"start":{"line":775,"column":10},"end":{"line":775,"column":22}},"113":{"start":{"line":777,"column":10},"end":{"line":777,"column":23}},"114":{"start":{"line":782,"column":41},"end":{"line":782,"column":79}},"115":{"start":{"line":783,"column":4},"end":{"line":791,"column":7}},"116":{"start":{"line":784,"column":8},"end":{"line":790,"column":null}},"117":{"start":{"line":785,"column":10},"end":{"line":785,"column":33}},"118":{"start":{"line":786,"column":10},"end":{"line":786,"column":44}},"119":{"start":{"line":788,"column":10},"end":{"line":788,"column":34}},"120":{"start":{"line":789,"column":10},"end":{"line":789,"column":43}},"121":{"start":{"line":792,"column":4},"end":{"line":793,"column":31}},"122":{"start":{"line":794,"column":4},"end":{"line":794,"column":41}},"123":{"start":{"line":795,"column":4},"end":{"line":799,"column":7}},"124":{"start":{"line":801,"column":4},"end":{"line":803,"column":7}},"125":{"start":{"line":808,"column":9},"end":{"line":812,"column":null}},"126":{"start":{"line":809,"column":4},"end":{"line":811,"column":7}},"127":{"start":{"line":814,"column":9},"end":{"line":818,"column":null}},"128":{"start":{"line":815,"column":4},"end":{"line":817,"column":7}},"129":{"start":{"line":127,"column":4},"end":{"line":127,"column":28}},"130":{"start":{"line":128,"column":4},"end":{"line":128,"column":44}},"131":{"start":{"line":132,"column":4},"end":{"line":146,"column":6}},"132":{"start":{"line":138,"column":10},"end":{"line":138,"column":48}},"133":{"start":{"line":148,"column":4},"end":{"line":162,"column":6}},"134":{"start":{"line":154,"column":10},"end":{"line":154,"column":48}},"135":{"start":{"line":164,"column":4},"end":{"line":184,"column":6}},"136":{"start":{"line":170,"column":8},"end":{"line":170,"column":46}},"137":{"start":{"line":179,"column":10},"end":{"line":179,"column":58}},"138":{"start":{"line":186,"column":4},"end":{"line":197,"column":6}},"139":{"start":{"line":192,"column":8},"end":{"line":192,"column":46}},"140":{"start":{"line":201,"column":4},"end":{"line":201,"column":31}},"141":{"start":{"line":202,"column":4},"end":{"line":202,"column":33}},"142":{"start":{"line":203,"column":4},"end":{"line":203,"column":33}},"143":{"start":{"line":204,"column":4},"end":{"line":204,"column":32}},"144":{"start":{"line":205,"column":4},"end":{"line":205,"column":24}},"145":{"start":{"line":206,"column":4},"end":{"line":206,"column":31}},"146":{"start":{"line":207,"column":4},"end":{"line":207,"column":32}},"147":{"start":{"line":208,"column":4},"end":{"line":208,"column":32}},"148":{"start":{"line":209,"column":4},"end":{"line":209,"column":30}},"149":{"start":{"line":210,"column":4},"end":{"line":210,"column":32}},"150":{"start":{"line":216,"column":4},"end":{"line":236,"column":6}},"151":{"start":{"line":238,"column":4},"end":{"line":238,"column":47}},"152":{"start":{"line":239,"column":4},"end":{"line":239,"column":57}},"153":{"start":{"line":244,"column":15},"end":{"line":307,"column":null}},"154":{"start":{"line":246,"column":8},"end":{"line":246,"column":33}},"155":{"start":{"line":247,"column":8},"end":{"line":248,"column":64}},"156":{"start":{"line":249,"column":8},"end":{"line":249,"column":58}},"157":{"start":{"line":256,"column":4},"end":{"line":256,"column":43}},"158":{"start":{"line":257,"column":22},"end":{"line":257,"column":null}},"159":{"start":{"line":257,"column":8},"end":{"line":257,"column":null}},"160":{"start":{"line":259,"column":4},"end":{"line":259,"column":46}},"161":{"start":{"line":263,"column":4},"end":{"line":263,"column":52}},"162":{"start":{"line":266,"column":31},"end":{"line":266,"column":null}},"163":{"start":{"line":266,"column":10},"end":{"line":266,"column":null}},"164":{"start":{"line":267,"column":4},"end":{"line":267,"column":63}},"165":{"start":{"line":268,"column":8},"end":{"line":268,"column":41}},"166":{"start":{"line":269,"column":8},"end":{"line":269,"column":39}},"167":{"start":{"line":270,"column":4},"end":{"line":277,"column":null}},"168":{"start":{"line":270,"column":12},"end":{"line":270,"column":26}},"169":{"start":{"line":271,"column":11},"end":{"line":271,"column":36}},"170":{"start":{"line":272,"column":5},"end":{"line":276,"column":null}},"171":{"start":{"line":273,"column":7},"end":{"line":273,"column":44}},"172":{"start":{"line":274,"column":11},"end":{"line":276,"column":null}},"173":{"start":{"line":275,"column":7},"end":{"line":275,"column":42}},"174":{"start":{"line":278,"column":4},"end":{"line":278,"column":77}},"175":{"start":{"line":280,"column":4},"end":{"line":280,"column":81}},"176":{"start":{"line":283,"column":5},"end":{"line":283,"column":75}},"177":{"start":{"line":284,"column":5},"end":{"line":284,"column":79}},"178":{"start":{"line":285,"column":5},"end":{"line":285,"column":32}},"179":{"start":{"line":287,"column":5},"end":{"line":289,"column":null}},"180":{"start":{"line":287,"column":13},"end":{"line":287,"column":21}},"181":{"start":{"line":288,"column":8},"end":{"line":288,"column":43}},"182":{"start":{"line":290,"column":4},"end":{"line":290,"column":48}},"183":{"start":{"line":292,"column":4},"end":{"line":292,"column":105}},"184":{"start":{"line":293,"column":4},"end":{"line":293,"column":41}},"185":{"start":{"line":294,"column":4},"end":{"line":297,"column":7}},"186":{"start":{"line":303,"column":6},"end":{"line":303,"column":70}},"187":{"start":{"line":304,"column":6},"end":{"line":304,"column":23}},"188":{"start":{"line":311,"column":15},"end":{"line":385,"column":null}},"189":{"start":{"line":312,"column":4},"end":{"line":312,"column":66}},"190":{"start":{"line":313,"column":4},"end":{"line":313,"column":51}},"191":{"start":{"line":314,"column":4},"end":{"line":383,"column":null}},"192":{"start":{"line":315,"column":6},"end":{"line":367,"column":null}},"193":{"start":{"line":315,"column":14},"end":{"line":315,"column":21}},"194":{"start":{"line":316,"column":8},"end":{"line":366,"column":null}},"195":{"start":{"line":317,"column":14},"end":{"line":317,"column":60}},"196":{"start":{"line":318,"column":10},"end":{"line":364,"column":null}},"197":{"start":{"line":319,"column":16},"end":{"line":319,"column":71}},"198":{"start":{"line":320,"column":12},"end":{"line":363,"column":null}},"199":{"start":{"line":321,"column":14},"end":{"line":335,"column":19}},"200":{"start":{"line":337,"column":18},"end":{"line":337,"column":33}},"201":{"start":{"line":338,"column":18},"end":{"line":338,"column":39}},"202":{"start":{"line":339,"column":14},"end":{"line":342,"column":null}},"203":{"start":{"line":340,"column":16},"end":{"line":340,"column":62}},"204":{"start":{"line":341,"column":16},"end":{"line":341,"column":75}},"205":{"start":{"line":343,"column":14},"end":{"line":362,"column":19}},"206":{"start":{"line":370,"column":6},"end":{"line":370,"column":105}},"207":{"start":{"line":372,"column":6},"end":{"line":372,"column":83}},"208":{"start":{"line":373,"column":6},"end":{"line":373,"column":41}},"209":{"start":{"line":374,"column":6},"end":{"line":374,"column":42}},"210":{"start":{"line":376,"column":6},"end":{"line":379,"column":9}},"211":{"start":{"line":381,"column":6},"end":{"line":381,"column":66}},"212":{"start":{"line":382,"column":6},"end":{"line":382,"column":14}},"213":{"start":{"line":389,"column":15},"end":{"line":460,"column":null}},"214":{"start":{"line":391,"column":4},"end":{"line":459,"column":null}},"215":{"start":{"line":392,"column":7},"end":{"line":444,"column":null}},"216":{"start":{"line":392,"column":15},"end":{"line":392,"column":22}},"217":{"start":{"line":393,"column":8},"end":{"line":443,"column":null}},"218":{"start":{"line":394,"column":14},"end":{"line":394,"column":60}},"219":{"start":{"line":395,"column":10},"end":{"line":442,"column":null}},"220":{"start":{"line":396,"column":16},"end":{"line":396,"column":71}},"221":{"start":{"line":397,"column":12},"end":{"line":440,"column":null}},"222":{"start":{"line":398,"column":14},"end":{"line":412,"column":19}},"223":{"start":{"line":414,"column":18},"end":{"line":414,"column":33}},"224":{"start":{"line":415,"column":18},"end":{"line":415,"column":39}},"225":{"start":{"line":416,"column":14},"end":{"line":419,"column":null}},"226":{"start":{"line":417,"column":16},"end":{"line":417,"column":62}},"227":{"start":{"line":418,"column":16},"end":{"line":418,"column":75}},"228":{"start":{"line":420,"column":14},"end":{"line":439,"column":17}},"229":{"start":{"line":446,"column":6},"end":{"line":446,"column":107}},"230":{"start":{"line":448,"column":6},"end":{"line":448,"column":87}},"231":{"start":{"line":449,"column":6},"end":{"line":449,"column":43}},"232":{"start":{"line":450,"column":6},"end":{"line":450,"column":42}},"233":{"start":{"line":452,"column":6},"end":{"line":455,"column":9}},"234":{"start":{"line":457,"column":6},"end":{"line":457,"column":68}},"235":{"start":{"line":458,"column":6},"end":{"line":458,"column":14}},"236":{"start":{"line":462,"column":15},"end":{"line":552,"column":null}},"237":{"start":{"line":464,"column":8},"end":{"line":464,"column":37}},"238":{"start":{"line":466,"column":6},"end":{"line":466,"column":66}},"239":{"start":{"line":468,"column":34},"end":{"line":469,"column":null}},"240":{"start":{"line":468,"column":12},"end":{"line":469,"column":null}},"241":{"start":{"line":470,"column":6},"end":{"line":470,"column":32}},"242":{"start":{"line":474,"column":6},"end":{"line":476,"column":9}},"243":{"start":{"line":475,"column":8},"end":{"line":475,"column":35}},"244":{"start":{"line":477,"column":10},"end":{"line":477,"column":71}},"245":{"start":{"line":478,"column":10},"end":{"line":478,"column":55}},"246":{"start":{"line":479,"column":6},"end":{"line":479,"column":56}},"247":{"start":{"line":480,"column":6},"end":{"line":480,"column":44}},"248":{"start":{"line":481,"column":9},"end":{"line":481,"column":23}},"249":{"start":{"line":482,"column":8},"end":{"line":482,"column":56}},"250":{"start":{"line":483,"column":21},"end":{"line":483,"column":61}},"251":{"start":{"line":483,"column":8},"end":{"line":483,"column":61}},"252":{"start":{"line":484,"column":8},"end":{"line":484,"column":32}},"253":{"start":{"line":485,"column":8},"end":{"line":485,"column":45}},"254":{"start":{"line":486,"column":16},"end":{"line":486,"column":30}},"255":{"start":{"line":487,"column":16},"end":{"line":487,"column":24}},"256":{"start":{"line":487,"column":24},"end":{"line":487,"column":45}},"257":{"start":{"line":487,"column":44},"end":{"line":487,"column":45}},"258":{"start":{"line":488,"column":13},"end":{"line":488,"column":18}},"259":{"start":{"line":489,"column":12},"end":{"line":489,"column":54}},"260":{"start":{"line":490,"column":25},"end":{"line":490,"column":65}},"261":{"start":{"line":490,"column":12},"end":{"line":490,"column":65}},"262":{"start":{"line":491,"column":12},"end":{"line":491,"column":36}},"263":{"start":{"line":492,"column":12},"end":{"line":492,"column":49}},"264":{"start":{"line":495,"column":15},"end":{"line":495,"column":22}},"265":{"start":{"line":496,"column":14},"end":{"line":496,"column":56}},"266":{"start":{"line":497,"column":20},"end":{"line":497,"column":65}},"267":{"start":{"line":498,"column":14},"end":{"line":498,"column":51}},"268":{"start":{"line":499,"column":27},"end":{"line":499,"column":76}},"269":{"start":{"line":499,"column":14},"end":{"line":499,"column":76}},"270":{"start":{"line":500,"column":14},"end":{"line":500,"column":51}},"271":{"start":{"line":487,"column":45},"end":{"line":487,"column":null}},"272":{"start":{"line":505,"column":11},"end":{"line":505,"column":20}},"273":{"start":{"line":506,"column":13},"end":{"line":506,"column":20}},"274":{"start":{"line":507,"column":12},"end":{"line":507,"column":73}},"275":{"start":{"line":508,"column":18},"end":{"line":508,"column":63}},"276":{"start":{"line":509,"column":12},"end":{"line":509,"column":49}},"277":{"start":{"line":510,"column":25},"end":{"line":510,"column":74}},"278":{"start":{"line":510,"column":12},"end":{"line":510,"column":74}},"279":{"start":{"line":511,"column":12},"end":{"line":511,"column":48}},"280":{"start":{"line":516,"column":7},"end":{"line":516,"column":72}},"281":{"start":{"line":517,"column":7},"end":{"line":540,"column":null}},"282":{"start":{"line":517,"column":15},"end":{"line":517,"column":25}},"283":{"start":{"line":518,"column":9},"end":{"line":518,"column":52}},"284":{"start":{"line":519,"column":9},"end":{"line":539,"column":null}},"285":{"start":{"line":519,"column":17},"end":{"line":519,"column":24}},"286":{"start":{"line":521,"column":15},"end":{"line":521,"column":55}},"287":{"start":{"line":522,"column":11},"end":{"line":522,"column":36}},"288":{"start":{"line":523,"column":15},"end":{"line":523,"column":68}},"289":{"start":{"line":527,"column":15},"end":{"line":527,"column":50}},"290":{"start":{"line":528,"column":11},"end":{"line":528,"column":56}},"291":{"start":{"line":529,"column":11},"end":{"line":529,"column":47}},"292":{"start":{"line":531,"column":11},"end":{"line":537,"column":13}},"293":{"start":{"line":538,"column":11},"end":{"line":538,"column":49}},"294":{"start":{"line":542,"column":6},"end":{"line":544,"column":9}},"295":{"start":{"line":546,"column":6},"end":{"line":546,"column":63}},"296":{"start":{"line":547,"column":6},"end":{"line":547,"column":21}},"297":{"start":{"line":548,"column":6},"end":{"line":548,"column":14}},"298":{"start":{"line":555,"column":16},"end":{"line":573,"column":null}},"299":{"start":{"line":556,"column":4},"end":{"line":556,"column":55}},"300":{"start":{"line":557,"column":10},"end":{"line":557,"column":64}},"301":{"start":{"line":558,"column":4},"end":{"line":572,"column":7}},"302":{"start":{"line":575,"column":10},"end":{"line":624,"column":null}},"303":{"start":{"line":576,"column":3},"end":{"line":576,"column":59}},"304":{"start":{"line":577,"column":3},"end":{"line":577,"column":27}},"305":{"start":{"line":578,"column":3},"end":{"line":583,"column":null}},"306":{"start":{"line":579,"column":5},"end":{"line":579,"column":35}},"307":{"start":{"line":580,"column":5},"end":{"line":580,"column":56}},"308":{"start":{"line":581,"column":5},"end":{"line":581,"column":60}},"309":{"start":{"line":582,"column":5},"end":{"line":582,"column":60}},"310":{"start":{"line":585,"column":3},"end":{"line":620,"column":null}},"311":{"start":{"line":586,"column":4},"end":{"line":591,"column":7}},"312":{"start":{"line":588,"column":39},"end":{"line":588,"column":155}},"313":{"start":{"line":592,"column":9},"end":{"line":620,"column":null}},"314":{"start":{"line":593,"column":5},"end":{"line":598,"column":8}},"315":{"start":{"line":595,"column":37},"end":{"line":595,"column":153}},"316":{"start":{"line":599,"column":9},"end":{"line":620,"column":null}},"317":{"start":{"line":601,"column":6},"end":{"line":606,"column":8}},"318":{"start":{"line":603,"column":37},"end":{"line":603,"column":153}},"319":{"start":{"line":607,"column":9},"end":{"line":620,"column":null}},"320":{"start":{"line":608,"column":5},"end":{"line":611,"column":8}},"321":{"start":{"line":610,"column":37},"end":{"line":610,"column":76}},"322":{"start":{"line":613,"column":5},"end":{"line":613,"column":41}},"323":{"start":{"line":614,"column":4},"end":{"line":619,"column":7}},"324":{"start":{"line":616,"column":38},"end":{"line":616,"column":154}},"325":{"start":{"line":713,"column":16},"end":{"line":721,"column":null}},"326":{"start":{"line":714,"column":16},"end":{"line":714,"column":36}},"327":{"start":{"line":715,"column":4},"end":{"line":715,"column":30}},"328":{"start":{"line":717,"column":4},"end":{"line":720,"column":7}},"329":{"start":{"line":719,"column":6},"end":{"line":719,"column":79}},"330":{"start":{"line":824,"column":10},"end":{"line":972,"column":null}},"331":{"start":{"line":824,"column":2},"end":{"line":824,"column":10}},"332":{"start":{"line":827,"column":4},"end":{"line":827,"column":89}},"333":{"start":{"line":828,"column":4},"end":{"line":828,"column":81}},"334":{"start":{"line":829,"column":4},"end":{"line":829,"column":46}},"335":{"start":{"line":834,"column":4},"end":{"line":971,"column":6}},"336":{"start":{"line":871,"column":74},"end":{"line":871,"column":90}},"337":{"start":{"line":913,"column":48},"end":{"line":917,"column":null}},"338":{"start":{"line":930,"column":50},"end":{"line":934,"column":null}},"339":{"start":{"line":947,"column":50},"end":{"line":952,"column":null}},"340":{"start":{"line":964,"column":58},"end":{"line":964,"column":null}},"341":{"start":{"line":975,"column":0},"end":{"line":975,"column":null}},"342":{"start":{"line":94,"column":13},"end":{"line":94,"column":34}}},"fnMap":{"0":{"name":"(anonymous_19)","decl":{"start":{"line":94,"column":0},"end":{"line":94,"column":13}},"loc":{"start":{"line":94,"column":0},"end":{"line":975,"column":null}}},"1":{"name":"PivotTabsLargeExample","decl":{"start":{"line":125,"column":2},"end":{"line":125,"column":14}},"loc":{"start":{"line":125,"column":48},"end":{"line":242,"column":3}}},"2":{"name":"(anonymous_21)","decl":{"start":{"line":626,"column":27},"end":{"line":626,"column":28}},"loc":{"start":{"line":626,"column":78},"end":{"line":711,"column":3}}},"3":{"name":"(anonymous_22)","decl":{"start":{"line":653,"column":54},"end":{"line":653,"column":61}},"loc":{"start":{"line":653,"column":61},"end":{"line":653,"column":71}}},"4":{"name":"(anonymous_23)","decl":{"start":{"line":659,"column":27},"end":{"line":659,"column":28}},"loc":{"start":{"line":659,"column":43},"end":{"line":667,"column":9}}},"5":{"name":"(anonymous_24)","decl":{"start":{"line":670,"column":60},"end":{"line":670,"column":64}},"loc":{"start":{"line":670,"column":64},"end":{"line":670,"column":72}}},"6":{"name":"(anonymous_25)","decl":{"start":{"line":671,"column":63},"end":{"line":671,"column":67}},"loc":{"start":{"line":671,"column":67},"end":{"line":671,"column":75}}},"7":{"name":"(anonymous_26)","decl":{"start":{"line":728,"column":25},"end":{"line":728,"column":26}},"loc":{"start":{"line":728,"column":78},"end":{"line":742,"column":3}}},"8":{"name":"(anonymous_27)","decl":{"start":{"line":744,"column":19},"end":{"line":744,"column":null}},"loc":{"start":{"line":744,"column":19},"end":{"line":806,"column":3}}},"9":{"name":"(anonymous_28)","decl":{"start":{"line":770,"column":67},"end":{"line":770,"column":73}},"loc":{"start":{"line":770,"column":73},"end":{"line":781,"column":5}}},"10":{"name":"(anonymous_29)","decl":{"start":{"line":783,"column":32},"end":{"line":783,"column":38}},"loc":{"start":{"line":783,"column":38},"end":{"line":791,"column":5}}},"11":{"name":"(anonymous_30)","decl":{"start":{"line":808,"column":30},"end":{"line":808,"column":31}},"loc":{"start":{"line":808,"column":42},"end":{"line":812,"column":3}}},"12":{"name":"(anonymous_31)","decl":{"start":{"line":814,"column":28},"end":{"line":814,"column":29}},"loc":{"start":{"line":814,"column":40},"end":{"line":818,"column":3}}},"13":{"name":"(anonymous_32)","decl":{"start":{"line":137,"column":91},"end":{"line":137,"column":92}},"loc":{"start":{"line":137,"column":101},"end":{"line":139,"column":9}}},"14":{"name":"(anonymous_33)","decl":{"start":{"line":153,"column":94},"end":{"line":153,"column":95}},"loc":{"start":{"line":153,"column":104},"end":{"line":155,"column":9}}},"15":{"name":"(anonymous_34)","decl":{"start":{"line":169,"column":90},"end":{"line":169,"column":91}},"loc":{"start":{"line":169,"column":100},"end":{"line":171,"column":7}}},"16":{"name":"(anonymous_35)","decl":{"start":{"line":178,"column":92},"end":{"line":178,"column":93}},"loc":{"start":{"line":178,"column":102},"end":{"line":180,"column":9}}},"17":{"name":"(anonymous_36)","decl":{"start":{"line":191,"column":92},"end":{"line":191,"column":93}},"loc":{"start":{"line":191,"column":102},"end":{"line":193,"column":7}}},"18":{"name":"(anonymous_37)","decl":{"start":{"line":244,"column":2},"end":{"line":244,"column":15}},"loc":{"start":{"line":244,"column":2},"end":{"line":307,"column":null}}},"19":{"name":"(anonymous_40)","decl":{"start":{"line":311,"column":2},"end":{"line":311,"column":15}},"loc":{"start":{"line":311,"column":89},"end":{"line":385,"column":null}}},"20":{"name":"(anonymous_43)","decl":{"start":{"line":389,"column":2},"end":{"line":389,"column":15}},"loc":{"start":{"line":389,"column":93},"end":{"line":460,"column":null}}},"21":{"name":"(anonymous_46)","decl":{"start":{"line":462,"column":2},"end":{"line":462,"column":15}},"loc":{"start":{"line":462,"column":2},"end":{"line":552,"column":null}}},"22":{"name":"(anonymous_49)","decl":{"start":{"line":474,"column":27},"end":{"line":474,"column":31}},"loc":{"start":{"line":474,"column":31},"end":{"line":476,"column":7}}},"23":{"name":"(anonymous_50)","decl":{"start":{"line":555,"column":2},"end":{"line":555,"column":16}},"loc":{"start":{"line":555,"column":61},"end":{"line":573,"column":null}}},"24":{"name":"(anonymous_53)","decl":{"start":{"line":575,"column":3},"end":{"line":575,"column":10}},"loc":{"start":{"line":575,"column":82},"end":{"line":624,"column":3}}},"25":{"name":"(anonymous_54)","decl":{"start":{"line":588,"column":34},"end":{"line":588,"column":35}},"loc":{"start":{"line":588,"column":35},"end":{"line":588,"column":40}}},"26":{"name":"(anonymous_55)","decl":{"start":{"line":595,"column":32},"end":{"line":595,"column":33}},"loc":{"start":{"line":595,"column":33},"end":{"line":595,"column":38}}},"27":{"name":"(anonymous_56)","decl":{"start":{"line":603,"column":32},"end":{"line":603,"column":33}},"loc":{"start":{"line":603,"column":33},"end":{"line":603,"column":38}}},"28":{"name":"(anonymous_57)","decl":{"start":{"line":610,"column":32},"end":{"line":610,"column":33}},"loc":{"start":{"line":610,"column":33},"end":{"line":610,"column":38}}},"29":{"name":"(anonymous_58)","decl":{"start":{"line":616,"column":34},"end":{"line":616,"column":35}},"loc":{"start":{"line":616,"column":35},"end":{"line":616,"column":39}}},"30":{"name":"(anonymous_59)","decl":{"start":{"line":713,"column":2},"end":{"line":713,"column":16}},"loc":{"start":{"line":713,"column":91},"end":{"line":721,"column":3}}},"31":{"name":"(anonymous_60)","decl":{"start":{"line":717,"column":32},"end":{"line":717,"column":33}},"loc":{"start":{"line":717,"column":41},"end":{"line":720,"column":5}}},"32":{"name":"(anonymous_61)","decl":{"start":{"line":824,"column":2},"end":{"line":824,"column":10}},"loc":{"start":{"line":824,"column":2},"end":{"line":972,"column":3}}},"33":{"name":"(anonymous_62)","decl":{"start":{"line":871,"column":68},"end":{"line":871,"column":74}},"loc":{"start":{"line":871,"column":68},"end":{"line":871,"column":78}}},"34":{"name":"(anonymous_63)","decl":{"start":{"line":912,"column":47},"end":{"line":912,"column":48}},"loc":{"start":{"line":912,"column":128},"end":{"line":913,"column":52}}},"35":{"name":"(anonymous_64)","decl":{"start":{"line":929,"column":47},"end":{"line":929,"column":48}},"loc":{"start":{"line":929,"column":129},"end":{"line":930,"column":54}}},"36":{"name":"(anonymous_65)","decl":{"start":{"line":946,"column":47},"end":{"line":946,"column":48}},"loc":{"start":{"line":946,"column":122},"end":{"line":947,"column":54}}},"37":{"name":"(anonymous_66)","decl":{"start":{"line":964,"column":47},"end":{"line":964,"column":48}},"loc":{"start":{"line":964,"column":53},"end":{"line":964,"column":62}}}},"branchMap":{"0":{"loc":{"start":{"line":126,"column":4},"end":{"line":126,"column":16}},"type":"binary-expr","locations":[{"start":{"line":126,"column":4},"end":{"line":126,"column":16}},{"start":{"line":126,"column":16},"end":{"line":126,"column":null}}]},"1":{"loc":{"start":{"line":630,"column":8},"end":{"line":652,"column":null}},"type":"if","locations":[{"start":{"line":630,"column":8},"end":{"line":652,"column":null}},{"start":{"line":630,"column":8},"end":{"line":652,"column":null}}]},"2":{"loc":{"start":{"line":635,"column":14},"end":{"line":652,"column":null}},"type":"if","locations":[{"start":{"line":635,"column":14},"end":{"line":652,"column":null}},{"start":{"line":635,"column":14},"end":{"line":652,"column":null}}]},"3":{"loc":{"start":{"line":639,"column":14},"end":{"line":652,"column":null}},"type":"if","locations":[{"start":{"line":639,"column":14},"end":{"line":652,"column":null}},{"start":{"line":639,"column":14},"end":{"line":652,"column":null}}]},"4":{"loc":{"start":{"line":643,"column":14},"end":{"line":652,"column":null}},"type":"if","locations":[{"start":{"line":643,"column":14},"end":{"line":652,"column":null}},{"start":{"line":643,"column":14},"end":{"line":652,"column":null}}]},"5":{"loc":{"start":{"line":660,"column":10},"end":{"line":666,"column":null}},"type":"if","locations":[{"start":{"line":660,"column":10},"end":{"line":666,"column":null}},{"start":{"line":660,"column":10},"end":{"line":666,"column":null}}]},"6":{"loc":{"start":{"line":668,"column":8},"end":{"line":680,"column":null}},"type":"if","locations":[{"start":{"line":668,"column":8},"end":{"line":680,"column":null}},{"start":{"line":668,"column":8},"end":{"line":680,"column":null}}]},"7":{"loc":{"start":{"line":684,"column":8},"end":{"line":709,"column":null}},"type":"if","locations":[{"start":{"line":684,"column":8},"end":{"line":709,"column":null}},{"start":{"line":684,"column":8},"end":{"line":709,"column":null}}]},"8":{"loc":{"start":{"line":689,"column":15},"end":{"line":709,"column":null}},"type":"if","locations":[{"start":{"line":689,"column":15},"end":{"line":709,"column":null}},{"start":{"line":689,"column":15},"end":{"line":709,"column":null}}]},"9":{"loc":{"start":{"line":694,"column":15},"end":{"line":709,"column":null}},"type":"if","locations":[{"start":{"line":694,"column":15},"end":{"line":709,"column":null}},{"start":{"line":694,"column":15},"end":{"line":709,"column":null}}]},"10":{"loc":{"start":{"line":699,"column":15},"end":{"line":709,"column":null}},"type":"if","locations":[{"start":{"line":699,"column":15},"end":{"line":709,"column":null}},{"start":{"line":699,"column":15},"end":{"line":709,"column":null}}]},"11":{"loc":{"start":{"line":732,"column":4},"end":{"line":736,"column":null}},"type":"if","locations":[{"start":{"line":732,"column":4},"end":{"line":736,"column":null}},{"start":{"line":732,"column":4},"end":{"line":736,"column":null}}]},"12":{"loc":{"start":{"line":749,"column":4},"end":{"line":753,"column":null}},"type":"if","locations":[{"start":{"line":749,"column":4},"end":{"line":753,"column":null}},{"start":{"line":749,"column":4},"end":{"line":753,"column":null}}]},"13":{"loc":{"start":{"line":749,"column":7},"end":{"line":749,"column":28}},"type":"binary-expr","locations":[{"start":{"line":749,"column":7},"end":{"line":749,"column":28}},{"start":{"line":749,"column":32},"end":{"line":749,"column":61}}]},"14":{"loc":{"start":{"line":755,"column":4},"end":{"line":759,"column":null}},"type":"if","locations":[{"start":{"line":755,"column":4},"end":{"line":759,"column":null}},{"start":{"line":755,"column":4},"end":{"line":759,"column":null}}]},"15":{"loc":{"start":{"line":755,"column":7},"end":{"line":755,"column":26}},"type":"binary-expr","locations":[{"start":{"line":755,"column":7},"end":{"line":755,"column":26}},{"start":{"line":755,"column":30},"end":{"line":755,"column":57}}]},"16":{"loc":{"start":{"line":761,"column":4},"end":{"line":766,"column":null}},"type":"if","locations":[{"start":{"line":761,"column":4},"end":{"line":766,"column":null}},{"start":{"line":761,"column":4},"end":{"line":766,"column":null}}]},"17":{"loc":{"start":{"line":761,"column":7},"end":{"line":761,"column":36}},"type":"binary-expr","locations":[{"start":{"line":761,"column":7},"end":{"line":761,"column":36}},{"start":{"line":761,"column":40},"end":{"line":761,"column":67}},{"start":{"line":762,"column":9},"end":{"line":762,"column":50}}]},"18":{"loc":{"start":{"line":767,"column":4},"end":{"line":804,"column":null}},"type":"if","locations":[{"start":{"line":767,"column":4},"end":{"line":804,"column":null}},{"start":{"line":767,"column":4},"end":{"line":804,"column":null}}]},"19":{"loc":{"start":{"line":767,"column":7},"end":{"line":767,"column":36}},"type":"binary-expr","locations":[{"start":{"line":767,"column":7},"end":{"line":767,"column":36}},{"start":{"line":767,"column":40},"end":{"line":767,"column":67}},{"start":{"line":767,"column":71},"end":{"line":767,"column":100}}]},"20":{"loc":{"start":{"line":771,"column":6},"end":{"line":778,"column":8}},"type":"if","locations":[{"start":{"line":771,"column":6},"end":{"line":778,"column":8}},{"start":{"line":771,"column":6},"end":{"line":778,"column":8}}]},"21":{"loc":{"start":{"line":773,"column":8},"end":{"line":776,"column":null}},"type":"if","locations":[{"start":{"line":773,"column":8},"end":{"line":776,"column":null}},{"start":{"line":773,"column":8},"end":{"line":776,"column":null}}]},"22":{"loc":{"start":{"line":773,"column":11},"end":{"line":773,"column":69}},"type":"binary-expr","locations":[{"start":{"line":773,"column":11},"end":{"line":773,"column":69}},{"start":{"line":774,"column":10},"end":{"line":774,"column":66}}]},"23":{"loc":{"start":{"line":784,"column":8},"end":{"line":790,"column":null}},"type":"if","locations":[{"start":{"line":784,"column":8},"end":{"line":790,"column":null}},{"start":{"line":784,"column":8},"end":{"line":790,"column":null}}]},"24":{"loc":{"start":{"line":272,"column":5},"end":{"line":276,"column":null}},"type":"if","locations":[{"start":{"line":272,"column":5},"end":{"line":276,"column":null}},{"start":{"line":272,"column":5},"end":{"line":276,"column":null}}]},"25":{"loc":{"start":{"line":274,"column":11},"end":{"line":276,"column":null}},"type":"if","locations":[{"start":{"line":274,"column":11},"end":{"line":276,"column":null}},{"start":{"line":274,"column":11},"end":{"line":276,"column":null}}]},"26":{"loc":{"start":{"line":316,"column":8},"end":{"line":366,"column":null}},"type":"if","locations":[{"start":{"line":316,"column":8},"end":{"line":366,"column":null}},{"start":{"line":316,"column":8},"end":{"line":366,"column":null}}]},"27":{"loc":{"start":{"line":318,"column":10},"end":{"line":364,"column":null}},"type":"if","locations":[{"start":{"line":318,"column":10},"end":{"line":364,"column":null}},{"start":{"line":318,"column":10},"end":{"line":364,"column":null}}]},"28":{"loc":{"start":{"line":320,"column":12},"end":{"line":363,"column":null}},"type":"if","locations":[{"start":{"line":320,"column":12},"end":{"line":363,"column":null}},{"start":{"line":320,"column":12},"end":{"line":363,"column":null}}]},"29":{"loc":{"start":{"line":339,"column":14},"end":{"line":342,"column":null}},"type":"if","locations":[{"start":{"line":339,"column":14},"end":{"line":342,"column":null}},{"start":{"line":339,"column":14},"end":{"line":342,"column":null}}]},"30":{"loc":{"start":{"line":393,"column":8},"end":{"line":443,"column":null}},"type":"if","locations":[{"start":{"line":393,"column":8},"end":{"line":443,"column":null}},{"start":{"line":393,"column":8},"end":{"line":443,"column":null}}]},"31":{"loc":{"start":{"line":395,"column":10},"end":{"line":442,"column":null}},"type":"if","locations":[{"start":{"line":395,"column":10},"end":{"line":442,"column":null}},{"start":{"line":395,"column":10},"end":{"line":442,"column":null}}]},"32":{"loc":{"start":{"line":397,"column":12},"end":{"line":440,"column":null}},"type":"if","locations":[{"start":{"line":397,"column":12},"end":{"line":440,"column":null}},{"start":{"line":397,"column":12},"end":{"line":440,"column":null}}]},"33":{"loc":{"start":{"line":416,"column":14},"end":{"line":419,"column":null}},"type":"if","locations":[{"start":{"line":416,"column":14},"end":{"line":419,"column":null}},{"start":{"line":416,"column":14},"end":{"line":419,"column":null}}]},"34":{"loc":{"start":{"line":481,"column":9},"end":{"line":481,"column":23}},"type":"if","locations":[{"start":{"line":481,"column":9},"end":{"line":481,"column":23}},{"start":{"line":481,"column":9},"end":{"line":481,"column":23}}]},"35":{"loc":{"start":{"line":481,"column":9},"end":{"line":481,"column":28}},"type":"binary-expr","locations":[{"start":{"line":481,"column":9},"end":{"line":481,"column":28}},{"start":{"line":481,"column":32},"end":{"line":481,"column":45}}]},"36":{"loc":{"start":{"line":486,"column":16},"end":{"line":486,"column":30}},"type":"if","locations":[{"start":{"line":486,"column":16},"end":{"line":486,"column":30}},{"start":{"line":486,"column":16},"end":{"line":486,"column":30}}]},"37":{"loc":{"start":{"line":487,"column":24},"end":{"line":487,"column":45}},"type":"if","locations":[{"start":{"line":487,"column":24},"end":{"line":487,"column":45}},{"start":{"line":487,"column":24},"end":{"line":487,"column":45}}]},"38":{"loc":{"start":{"line":488,"column":13},"end":{"line":488,"column":18}},"type":"if","locations":[{"start":{"line":488,"column":13},"end":{"line":488,"column":18}},{"start":{"line":488,"column":13},"end":{"line":488,"column":18}}]},"39":{"loc":{"start":{"line":495,"column":15},"end":{"line":495,"column":22}},"type":"if","locations":[{"start":{"line":495,"column":15},"end":{"line":495,"column":22}},{"start":{"line":495,"column":15},"end":{"line":495,"column":22}}]},"40":{"loc":{"start":{"line":505,"column":11},"end":{"line":505,"column":20}},"type":"if","locations":[{"start":{"line":505,"column":11},"end":{"line":505,"column":20}},{"start":{"line":505,"column":11},"end":{"line":505,"column":20}}]},"41":{"loc":{"start":{"line":506,"column":13},"end":{"line":506,"column":20}},"type":"if","locations":[{"start":{"line":506,"column":13},"end":{"line":506,"column":20}},{"start":{"line":506,"column":13},"end":{"line":506,"column":20}}]},"42":{"loc":{"start":{"line":578,"column":3},"end":{"line":583,"column":null}},"type":"if","locations":[{"start":{"line":578,"column":3},"end":{"line":583,"column":null}},{"start":{"line":578,"column":3},"end":{"line":583,"column":null}}]},"43":{"loc":{"start":{"line":585,"column":3},"end":{"line":620,"column":null}},"type":"if","locations":[{"start":{"line":585,"column":3},"end":{"line":620,"column":null}},{"start":{"line":585,"column":3},"end":{"line":620,"column":null}}]},"44":{"loc":{"start":{"line":587,"column":34},"end":{"line":588,"column":155}},"type":"cond-expr","locations":[{"start":{"line":587,"column":34},"end":{"line":588,"column":155}},{"start":{"line":588,"column":158},"end":{"line":588,"column":179}}]},"45":{"loc":{"start":{"line":588,"column":39},"end":{"line":588,"column":77}},"type":"binary-expr","locations":[{"start":{"line":588,"column":39},"end":{"line":588,"column":77}},{"start":{"line":588,"column":82},"end":{"line":588,"column":105}},{"start":{"line":588,"column":109},"end":{"line":588,"column":153}}]},"46":{"loc":{"start":{"line":592,"column":9},"end":{"line":620,"column":null}},"type":"if","locations":[{"start":{"line":592,"column":9},"end":{"line":620,"column":null}},{"start":{"line":592,"column":9},"end":{"line":620,"column":null}}]},"47":{"loc":{"start":{"line":594,"column":36},"end":{"line":595,"column":153}},"type":"cond-expr","locations":[{"start":{"line":594,"column":36},"end":{"line":595,"column":153}},{"start":{"line":595,"column":156},"end":{"line":595,"column":179}}]},"48":{"loc":{"start":{"line":595,"column":37},"end":{"line":595,"column":75}},"type":"binary-expr","locations":[{"start":{"line":595,"column":37},"end":{"line":595,"column":75}},{"start":{"line":595,"column":80},"end":{"line":595,"column":103}},{"start":{"line":595,"column":107},"end":{"line":595,"column":151}}]},"49":{"loc":{"start":{"line":599,"column":9},"end":{"line":620,"column":null}},"type":"if","locations":[{"start":{"line":599,"column":9},"end":{"line":620,"column":null}},{"start":{"line":599,"column":9},"end":{"line":620,"column":null}}]},"50":{"loc":{"start":{"line":602,"column":36},"end":{"line":603,"column":153}},"type":"cond-expr","locations":[{"start":{"line":602,"column":36},"end":{"line":603,"column":153}},{"start":{"line":603,"column":156},"end":{"line":603,"column":179}}]},"51":{"loc":{"start":{"line":603,"column":37},"end":{"line":603,"column":75}},"type":"binary-expr","locations":[{"start":{"line":603,"column":37},"end":{"line":603,"column":75}},{"start":{"line":603,"column":80},"end":{"line":603,"column":103}},{"start":{"line":603,"column":107},"end":{"line":603,"column":151}}]},"52":{"loc":{"start":{"line":607,"column":9},"end":{"line":620,"column":null}},"type":"if","locations":[{"start":{"line":607,"column":9},"end":{"line":620,"column":null}},{"start":{"line":607,"column":9},"end":{"line":620,"column":null}}]},"53":{"loc":{"start":{"line":609,"column":35},"end":{"line":610,"column":76}},"type":"cond-expr","locations":[{"start":{"line":609,"column":35},"end":{"line":610,"column":76}},{"start":{"line":610,"column":79},"end":{"line":610,"column":101}}]},"54":{"loc":{"start":{"line":615,"column":34},"end":{"line":616,"column":154}},"type":"cond-expr","locations":[{"start":{"line":615,"column":34},"end":{"line":616,"column":154}},{"start":{"line":616,"column":157},"end":{"line":616,"column":178}}]},"55":{"loc":{"start":{"line":616,"column":38},"end":{"line":616,"column":76}},"type":"binary-expr","locations":[{"start":{"line":616,"column":38},"end":{"line":616,"column":76}},{"start":{"line":616,"column":81},"end":{"line":616,"column":104}},{"start":{"line":616,"column":108},"end":{"line":616,"column":152}}]},"56":{"loc":{"start":{"line":719,"column":72},"end":{"line":719,"column":73}},"type":"cond-expr","locations":[{"start":{"line":719,"column":72},"end":{"line":719,"column":73}},{"start":{"line":719,"column":76},"end":{"line":719,"column":78}}]},"57":{"loc":{"start":{"line":719,"column":35},"end":{"line":719,"column":50}},"type":"cond-expr","locations":[{"start":{"line":719,"column":35},"end":{"line":719,"column":50}},{"start":{"line":719,"column":53},"end":{"line":719,"column":68}}]},"58":{"loc":{"start":{"line":838,"column":10},"end":{"line":838,"column":43}},"type":"binary-expr","locations":[{"start":{"line":838,"column":10},"end":{"line":838,"column":43}},{"start":{"line":838,"column":47},"end":{"line":838,"column":77}},{"start":{"line":839,"column":10},"end":{"line":839,"column":69}}]},"59":{"loc":{"start":{"line":842,"column":10},"end":{"line":842,"column":43}},"type":"binary-expr","locations":[{"start":{"line":842,"column":10},"end":{"line":842,"column":43}},{"start":{"line":842,"column":47},"end":{"line":842,"column":75}},{"start":{"line":843,"column":10},"end":{"line":843,"column":66}}]},"60":{"loc":{"start":{"line":846,"column":10},"end":{"line":846,"column":43}},"type":"binary-expr","locations":[{"start":{"line":846,"column":10},"end":{"line":846,"column":43}},{"start":{"line":846,"column":47},"end":{"line":846,"column":77}},{"start":{"line":847,"column":10},"end":{"line":847,"column":97}}]},"61":{"loc":{"start":{"line":850,"column":10},"end":{"line":850,"column":43}},"type":"binary-expr","locations":[{"start":{"line":850,"column":10},"end":{"line":850,"column":43}},{"start":{"line":852,"column":9},"end":{"line":871,"column":null}}]}},"s":{"0":1,"1":1,"2":1,"3":1,"4":1,"5":1,"6":1,"7":1,"8":1,"9":1,"10":1,"11":1,"12":1,"13":1,"14":1,"15":21,"16":21,"17":21,"18":21,"19":0,"20":0,"21":0,"22":0,"23":0,"24":0,"25":0,"26":0,"27":0,"28":0,"29":0,"30":0,"31":0,"32":0,"33":0,"34":0,"35":0,"36":0,"37":0,"38":0,"39":0,"40":0,"41":0,"42":0,"43":0,"44":0,"45":0,"46":0,"47":0,"48":0,"49":0,"50":0,"51":0,"52":0,"53":0,"54":0,"55":0,"56":0,"57":0,"58":0,"59":0,"60":0,"61":0,"62":0,"63":0,"64":0,"65":0,"66":0,"67":0,"68":0,"69":0,"70":0,"71":0,"72":0,"73":0,"74":0,"75":0,"76":0,"77":0,"78":0,"79":0,"80":0,"81":0,"82":0,"83":0,"84":0,"85":0,"86":0,"87":21,"88":0,"89":0,"90":0,"91":0,"92":0,"93":0,"94":21,"95":0,"96":0,"97":0,"98":0,"99":0,"100":0,"101":0,"102":0,"103":0,"104":0,"105":0,"106":0,"107":0,"108":0,"109":0,"110":0,"111":0,"112":0,"113":0,"114":0,"115":0,"116":0,"117":0,"118":0,"119":0,"120":0,"121":0,"122":0,"123":0,"124":0,"125":21,"126":0,"127":21,"128":0,"129":21,"130":21,"131":21,"132":0,"133":21,"134":0,"135":21,"136":0,"137":0,"138":21,"139":0,"140":21,"141":21,"142":21,"143":21,"144":21,"145":21,"146":21,"147":21,"148":21,"149":21,"150":21,"151":21,"152":21,"153":1,"154":22,"155":22,"156":22,"157":22,"158":22,"159":22,"160":22,"161":22,"162":22,"163":22,"164":22,"165":22,"166":22,"167":22,"168":88,"169":88,"170":88,"171":44,"172":44,"173":44,"174":22,"175":22,"176":22,"177":22,"178":22,"179":22,"180":69,"181":69,"182":22,"183":22,"184":22,"185":22,"186":0,"187":0,"188":1,"189":23,"190":23,"191":23,"192":23,"193":46,"194":46,"195":46,"196":46,"197":46,"198":46,"199":1,"200":45,"201":45,"202":45,"203":22,"204":22,"205":45,"206":23,"207":23,"208":23,"209":23,"210":23,"211":0,"212":0,"213":1,"214":22,"215":22,"216":44,"217":44,"218":44,"219":44,"220":44,"221":44,"222":22,"223":22,"224":22,"225":22,"226":22,"227":22,"228":22,"229":22,"230":22,"231":22,"232":22,"233":22,"234":0,"235":0,"236":1,"237":22,"238":22,"239":22,"240":22,"241":22,"242":22,"243":22,"244":22,"245":22,"246":22,"247":22,"248":44,"249":0,"250":0,"251":0,"252":0,"253":0,"254":22,"255":22,"256":44,"257":22,"258":22,"259":22,"260":22,"261":22,"262":22,"263":22,"264":0,"265":0,"266":0,"267":0,"268":0,"269":0,"270":0,"271":22,"272":22,"273":44,"274":0,"275":0,"276":0,"277":0,"278":0,"279":0,"280":22,"281":22,"282":22,"283":22,"284":22,"285":22,"286":22,"287":22,"288":22,"289":22,"290":22,"291":22,"292":22,"293":22,"294":22,"295":0,"296":0,"297":0,"298":1,"299":22,"300":22,"301":22,"302":1,"303":9,"304":9,"305":9,"306":5,"307":5,"308":5,"309":5,"310":9,"311":2,"312":2,"313":7,"314":2,"315":2,"316":5,"317":2,"318":2,"319":3,"320":1,"321":1,"322":2,"323":2,"324":2,"325":1,"326":67,"327":67,"328":67,"329":51,"330":1,"331":124,"332":124,"333":124,"334":124,"335":124,"336":0,"337":0,"338":0,"339":0,"340":0,"341":1,"342":1},"f":{"0":1,"1":21,"2":0,"3":0,"4":0,"5":0,"6":0,"7":0,"8":0,"9":0,"10":0,"11":0,"12":0,"13":0,"14":0,"15":0,"16":0,"17":0,"18":22,"19":23,"20":22,"21":22,"22":22,"23":22,"24":9,"25":2,"26":2,"27":2,"28":1,"29":2,"30":67,"31":51,"32":124,"33":0,"34":0,"35":0,"36":0,"37":0},"b":{"0":[21,21],"1":[0,0],"2":[0,0],"3":[0,0],"4":[0,0],"5":[0,0],"6":[0,0],"7":[0,0],"8":[0,0],"9":[0,0],"10":[0,0],"11":[0,0],"12":[0,0],"13":[0,0],"14":[0,0],"15":[0,0],"16":[0,0],"17":[0,0,0],"18":[0,0],"19":[0,0,0],"20":[0,0],"21":[0,0],"22":[0,0],"23":[0,0],"24":[44,44],"25":[44,0],"26":[46,0],"27":[46,0],"28":[1,45],"29":[22,23],"30":[44,0],"31":[44,0],"32":[22,22],"33":[22,0],"34":[22,0],"35":[22,0],"36":[0,22],"37":[22,22],"38":[0,22],"39":[0,0],"40":[0,22],"41":[22,0],"42":[5,4],"43":[2,7],"44":[2,0],"45":[2,1,1],"46":[2,5],"47":[2,0],"48":[2,1,1],"49":[2,3],"50":[2,0],"51":[2,1,1],"52":[1,2],"53":[1,0],"54":[2,0],"55":[2,1,1],"56":[0,51],"57":[51,0],"58":[124,0,0],"59":[124,0,0],"60":[124,0,0],"61":[124,0]}}
,"C:\\SPFx_sample\\spo-hawk-gdpr\\src\\webparts\\hawkGdpr\\components\\ListComponents\\DetailsListExample.tsx": {"path":"C:\\SPFx_sample\\spo-hawk-gdpr\\src\\webparts\\hawkGdpr\\components\\ListComponents\\DetailsListExample.tsx","statementMap":{"0":{"start":{"line":1,"column":0},"end":{"line":1,"column":31}},"1":{"start":{"line":2,"column":0},"end":{"line":2,"column":259}},"2":{"start":{"line":4,"column":0},"end":{"line":4,"column":59}},"3":{"start":{"line":6,"column":0},"end":{"line":6,"column":111}},"4":{"start":{"line":7,"column":0},"end":{"line":7,"column":59}},"5":{"start":{"line":10,"column":0},"end":{"line":10,"column":48}},"6":{"start":{"line":53,"column":19},"end":{"line":53,"column":28}},"7":{"start":{"line":54,"column":20},"end":{"line":54,"column":29}},"8":{"start":{"line":55,"column":25},"end":{"line":55,"column":34}},"9":{"start":{"line":56,"column":25},"end":{"line":56,"column":34}},"10":{"start":{"line":59,"column":18},"end":{"line":59,"column":20}},"11":{"start":{"line":60,"column":26},"end":{"line":67,"column":2}},"12":{"start":{"line":72,"column":44},"end":{"line":75,"column":2}},"13":{"start":{"line":76,"column":45},"end":{"line":78,"column":3}},"14":{"start":{"line":79,"column":61},"end":{"line":95,"column":3}},"15":{"start":{"line":97,"column":55},"end":{"line":105,"column":3}},"16":{"start":{"line":107,"column":0},"end":{"line":107,"column":107}},"17":{"start":{"line":107,"column":40},"end":{"line":107,"column":45}},"18":{"start":{"line":120,"column":8},"end":{"line":120,"column":null}},"19":{"start":{"line":302,"column":12},"end":{"line":358,"column":null}},"20":{"start":{"line":304,"column":22},"end":{"line":304,"column":36}},"21":{"start":{"line":305,"column":32},"end":{"line":305,"column":55}},"22":{"start":{"line":307,"column":9},"end":{"line":356,"column":null}},"23":{"start":{"line":308,"column":11},"end":{"line":311,"column":null}},"24":{"start":{"line":310,"column":12},"end":{"line":310,"column":63}},"25":{"start":{"line":312,"column":11},"end":{"line":312,"column":116}},"26":{"start":{"line":312,"column":69},"end":{"line":312,"column":115}},"27":{"start":{"line":314,"column":16},"end":{"line":356,"column":null}},"28":{"start":{"line":315,"column":12},"end":{"line":326,"column":null}},"29":{"start":{"line":316,"column":14},"end":{"line":316,"column":183}},"30":{"start":{"line":316,"column":148},"end":{"line":316,"column":182}},"31":{"start":{"line":317,"column":18},"end":{"line":326,"column":null}},"32":{"start":{"line":319,"column":14},"end":{"line":325,"column":null}},"33":{"start":{"line":321,"column":16},"end":{"line":321,"column":148}},"34":{"start":{"line":321,"column":112},"end":{"line":321,"column":147}},"35":{"start":{"line":322,"column":20},"end":{"line":325,"column":null}},"36":{"start":{"line":324,"column":16},"end":{"line":324,"column":146}},"37":{"start":{"line":324,"column":110},"end":{"line":324,"column":145}},"38":{"start":{"line":328,"column":12},"end":{"line":328,"column":150}},"39":{"start":{"line":328,"column":115},"end":{"line":328,"column":149}},"40":{"start":{"line":329,"column":16},"end":{"line":356,"column":null}},"41":{"start":{"line":330,"column":12},"end":{"line":348,"column":null}},"42":{"start":{"line":331,"column":14},"end":{"line":331,"column":89}},"43":{"start":{"line":332,"column":18},"end":{"line":348,"column":null}},"44":{"start":{"line":334,"column":14},"end":{"line":345,"column":null}},"45":{"start":{"line":336,"column":18},"end":{"line":336,"column":147}},"46":{"start":{"line":336,"column":114},"end":{"line":336,"column":146}},"47":{"start":{"line":337,"column":20},"end":{"line":345,"column":null}},"48":{"start":{"line":339,"column":18},"end":{"line":339,"column":147}},"49":{"start":{"line":339,"column":113},"end":{"line":339,"column":146}},"50":{"start":{"line":343,"column":16},"end":{"line":343,"column":53}},"51":{"start":{"line":344,"column":16},"end":{"line":344,"column":52}},"52":{"start":{"line":347,"column":14},"end":{"line":347,"column":142}},"53":{"start":{"line":347,"column":109},"end":{"line":347,"column":141}},"54":{"start":{"line":349,"column":10},"end":{"line":349,"column":146}},"55":{"start":{"line":349,"column":113},"end":{"line":349,"column":145}},"56":{"start":{"line":351,"column":14},"end":{"line":356,"column":null}},"57":{"start":{"line":352,"column":11},"end":{"line":354,"column":null}},"58":{"start":{"line":353,"column":13},"end":{"line":353,"column":69}},"59":{"start":{"line":355,"column":10},"end":{"line":355,"column":98}},"60":{"start":{"line":355,"column":63},"end":{"line":355,"column":97}},"61":{"start":{"line":357,"column":9},"end":{"line":357,"column":39}},"62":{"start":{"line":360,"column":13},"end":{"line":366,"column":null}},"63":{"start":{"line":362,"column":8},"end":{"line":365,"column":10}},"64":{"start":{"line":368,"column":14},"end":{"line":405,"column":null}},"65":{"start":{"line":370,"column":21},"end":{"line":370,"column":35}},"66":{"start":{"line":371,"column":35},"end":{"line":371,"column":37}},"67":{"start":{"line":375,"column":8},"end":{"line":375,"column":36}},"68":{"start":{"line":376,"column":8},"end":{"line":376,"column":44}},"69":{"start":{"line":377,"column":8},"end":{"line":377,"column":77}},"70":{"start":{"line":378,"column":8},"end":{"line":393,"column":87}},"71":{"start":{"line":394,"column":8},"end":{"line":394,"column":35}},"72":{"start":{"line":395,"column":8},"end":{"line":404,"column":null}},"73":{"start":{"line":397,"column":12},"end":{"line":397,"column":51}},"74":{"start":{"line":398,"column":12},"end":{"line":401,"column":15}},"75":{"start":{"line":403,"column":10},"end":{"line":403,"column":77}},"76":{"start":{"line":407,"column":14},"end":{"line":411,"column":null}},"77":{"start":{"line":408,"column":8},"end":{"line":408,"column":85}},"78":{"start":{"line":409,"column":8},"end":{"line":409,"column":41}},"79":{"start":{"line":410,"column":8},"end":{"line":410,"column":34}},"80":{"start":{"line":413,"column":14},"end":{"line":434,"column":null}},"81":{"start":{"line":414,"column":8},"end":{"line":414,"column":79}},"82":{"start":{"line":416,"column":10},"end":{"line":430,"column":null}},"83":{"start":{"line":417,"column":10},"end":{"line":429,"column":null}},"84":{"start":{"line":418,"column":12},"end":{"line":418,"column":40}},"85":{"start":{"line":419,"column":12},"end":{"line":419,"column":48}},"86":{"start":{"line":420,"column":12},"end":{"line":420,"column":49}},"87":{"start":{"line":421,"column":12},"end":{"line":423,"column":15}},"88":{"start":{"line":427,"column":12},"end":{"line":427,"column":48}},"89":{"start":{"line":428,"column":12},"end":{"line":428,"column":49}},"90":{"start":{"line":436,"column":14},"end":{"line":453,"column":null}},"91":{"start":{"line":437,"column":8},"end":{"line":437,"column":77}},"92":{"start":{"line":438,"column":8},"end":{"line":451,"column":null}},"93":{"start":{"line":439,"column":10},"end":{"line":450,"column":null}},"94":{"start":{"line":440,"column":12},"end":{"line":440,"column":40}},"95":{"start":{"line":441,"column":12},"end":{"line":441,"column":48}},"96":{"start":{"line":442,"column":12},"end":{"line":442,"column":49}},"97":{"start":{"line":443,"column":12},"end":{"line":445,"column":15}},"98":{"start":{"line":448,"column":10},"end":{"line":448,"column":46}},"99":{"start":{"line":449,"column":10},"end":{"line":449,"column":47}},"100":{"start":{"line":464,"column":14},"end":{"line":471,"column":null}},"101":{"start":{"line":465,"column":8},"end":{"line":465,"column":47}},"102":{"start":{"line":466,"column":7},"end":{"line":466,"column":64}},"103":{"start":{"line":467,"column":7},"end":{"line":470,"column":11}},"104":{"start":{"line":121,"column":8},"end":{"line":121,"column":77}},"105":{"start":{"line":122,"column":8},"end":{"line":122,"column":48}},"106":{"start":{"line":124,"column":8},"end":{"line":124,"column":42}},"107":{"start":{"line":125,"column":8},"end":{"line":125,"column":50}},"108":{"start":{"line":126,"column":8},"end":{"line":126,"column":36}},"109":{"start":{"line":127,"column":8},"end":{"line":136,"column":10}},"110":{"start":{"line":137,"column":8},"end":{"line":137,"column":99}},"111":{"start":{"line":138,"column":8},"end":{"line":138,"column":76}},"112":{"start":{"line":142,"column":18},"end":{"line":194,"column":null}},"113":{"start":{"line":143,"column":6},"end":{"line":143,"column":73}},"114":{"start":{"line":144,"column":6},"end":{"line":144,"column":42}},"115":{"start":{"line":145,"column":6},"end":{"line":145,"column":95}},"116":{"start":{"line":146,"column":6},"end":{"line":146,"column":70}},"117":{"start":{"line":147,"column":23},"end":{"line":147,"column":44}},"118":{"start":{"line":148,"column":6},"end":{"line":148,"column":57}},"119":{"start":{"line":149,"column":6},"end":{"line":149,"column":61}},"120":{"start":{"line":150,"column":6},"end":{"line":150,"column":72}},"121":{"start":{"line":151,"column":6},"end":{"line":151,"column":59}},"122":{"start":{"line":152,"column":6},"end":{"line":152,"column":61}},"123":{"start":{"line":153,"column":6},"end":{"line":176,"column":null}},"124":{"start":{"line":154,"column":8},"end":{"line":165,"column":null}},"125":{"start":{"line":155,"column":10},"end":{"line":155,"column":82}},"126":{"start":{"line":156,"column":10},"end":{"line":156,"column":45}},"127":{"start":{"line":157,"column":14},"end":{"line":165,"column":null}},"128":{"start":{"line":158,"column":10},"end":{"line":158,"column":25}},"129":{"start":{"line":159,"column":14},"end":{"line":165,"column":null}},"130":{"start":{"line":160,"column":10},"end":{"line":160,"column":25}},"131":{"start":{"line":161,"column":14},"end":{"line":165,"column":null}},"132":{"start":{"line":162,"column":10},"end":{"line":162,"column":25}},"133":{"start":{"line":163,"column":14},"end":{"line":165,"column":null}},"134":{"start":{"line":164,"column":10},"end":{"line":164,"column":25}},"135":{"start":{"line":168,"column":8},"end":{"line":175,"column":null}},"136":{"start":{"line":169,"column":10},"end":{"line":169,"column":25}},"137":{"start":{"line":170,"column":14},"end":{"line":175,"column":null}},"138":{"start":{"line":171,"column":10},"end":{"line":171,"column":25}},"139":{"start":{"line":173,"column":13},"end":{"line":175,"column":null}},"140":{"start":{"line":174,"column":10},"end":{"line":174,"column":25}},"141":{"start":{"line":177,"column":26},"end":{"line":177,"column":57}},"142":{"start":{"line":178,"column":6},"end":{"line":178,"column":64}},"143":{"start":{"line":182,"column":6},"end":{"line":182,"column":46}},"144":{"start":{"line":184,"column":6},"end":{"line":184,"column":46}},"145":{"start":{"line":185,"column":6},"end":{"line":185,"column":71}},"146":{"start":{"line":186,"column":6},"end":{"line":192,"column":8}},"147":{"start":{"line":198,"column":11},"end":{"line":300,"column":null}},"148":{"start":{"line":199,"column":8},"end":{"line":199,"column":33}},"149":{"start":{"line":201,"column":8},"end":{"line":201,"column":62}},"150":{"start":{"line":202,"column":27},"end":{"line":202,"column":50}},"151":{"start":{"line":203,"column":8},"end":{"line":203,"column":54}},"152":{"start":{"line":205,"column":8},"end":{"line":213,"column":null}},"153":{"start":{"line":206,"column":10},"end":{"line":206,"column":31}},"154":{"start":{"line":207,"column":10},"end":{"line":207,"column":89}},"155":{"start":{"line":208,"column":14},"end":{"line":213,"column":null}},"156":{"start":{"line":210,"column":10},"end":{"line":210,"column":103}},"157":{"start":{"line":212,"column":10},"end":{"line":212,"column":128}},"158":{"start":{"line":217,"column":8},"end":{"line":217,"column":55}},"159":{"start":{"line":218,"column":8},"end":{"line":218,"column":51}},"160":{"start":{"line":219,"column":8},"end":{"line":253,"column":null}},"161":{"start":{"line":219,"column":21},"end":{"line":219,"column":37}},"162":{"start":{"line":220,"column":9},"end":{"line":250,"column":null}},"163":{"start":{"line":221,"column":10},"end":{"line":229,"column":13}},"164":{"start":{"line":231,"column":10},"end":{"line":249,"column":13}},"165":{"start":{"line":255,"column":8},"end":{"line":255,"column":74}},"166":{"start":{"line":261,"column":8},"end":{"line":299,"column":10}},"167":{"start":{"line":455,"column":14},"end":{"line":462,"column":null}},"168":{"start":{"line":456,"column":8},"end":{"line":461,"column":10}},"169":{"start":{"line":480,"column":0},"end":{"line":480,"column":null}},"170":{"start":{"line":107,"column":13},"end":{"line":107,"column":31}}},"fnMap":{"0":{"name":"(anonymous_8)","decl":{"start":{"line":107,"column":0},"end":{"line":107,"column":13}},"loc":{"start":{"line":107,"column":0},"end":{"line":480,"column":null}}},"1":{"name":"DetailsListExample","decl":{"start":{"line":119,"column":4},"end":{"line":119,"column":16}},"loc":{"start":{"line":119,"column":47},"end":{"line":140,"column":5}}},"2":{"name":"(anonymous_10)","decl":{"start":{"line":302,"column":34},"end":{"line":302,"column":35}},"loc":{"start":{"line":302,"column":76},"end":{"line":358,"column":7}}},"3":{"name":"(anonymous_11)","decl":{"start":{"line":312,"column":38},"end":{"line":312,"column":39}},"loc":{"start":{"line":312,"column":64},"end":{"line":312,"column":73}}},"4":{"name":"(anonymous_12)","decl":{"start":{"line":316,"column":135},"end":{"line":316,"column":136}},"loc":{"start":{"line":316,"column":143},"end":{"line":316,"column":152}}},"5":{"name":"(anonymous_13)","decl":{"start":{"line":321,"column":99},"end":{"line":321,"column":100}},"loc":{"start":{"line":321,"column":107},"end":{"line":321,"column":116}}},"6":{"name":"(anonymous_14)","decl":{"start":{"line":324,"column":98},"end":{"line":324,"column":99}},"loc":{"start":{"line":324,"column":105},"end":{"line":324,"column":114}}},"7":{"name":"(anonymous_15)","decl":{"start":{"line":328,"column":102},"end":{"line":328,"column":103}},"loc":{"start":{"line":328,"column":110},"end":{"line":328,"column":119}}},"8":{"name":"(anonymous_16)","decl":{"start":{"line":336,"column":101},"end":{"line":336,"column":102}},"loc":{"start":{"line":336,"column":109},"end":{"line":336,"column":118}}},"9":{"name":"(anonymous_17)","decl":{"start":{"line":339,"column":100},"end":{"line":339,"column":101}},"loc":{"start":{"line":339,"column":108},"end":{"line":339,"column":117}}},"10":{"name":"(anonymous_18)","decl":{"start":{"line":347,"column":96},"end":{"line":347,"column":97}},"loc":{"start":{"line":347,"column":104},"end":{"line":347,"column":113}}},"11":{"name":"(anonymous_19)","decl":{"start":{"line":349,"column":100},"end":{"line":349,"column":101}},"loc":{"start":{"line":349,"column":108},"end":{"line":349,"column":117}}},"12":{"name":"(anonymous_20)","decl":{"start":{"line":355,"column":57},"end":{"line":355,"column":63}},"loc":{"start":{"line":355,"column":57},"end":{"line":355,"column":67}}},"13":{"name":"(anonymous_21)","decl":{"start":{"line":360,"column":28},"end":{"line":360,"column":29}},"loc":{"start":{"line":360,"column":62},"end":{"line":366,"column":6}}},"14":{"name":"(anonymous_22)","decl":{"start":{"line":368,"column":29},"end":{"line":368,"column":30}},"loc":{"start":{"line":368,"column":56},"end":{"line":405,"column":7}}},"15":{"name":"(anonymous_23)","decl":{"start":{"line":407,"column":34},"end":{"line":407,"column":35}},"loc":{"start":{"line":407,"column":75},"end":{"line":411,"column":7}}},"16":{"name":"(anonymous_24)","decl":{"start":{"line":413,"column":33},"end":{"line":413,"column":34}},"loc":{"start":{"line":413,"column":56},"end":{"line":434,"column":7}}},"17":{"name":"(anonymous_25)","decl":{"start":{"line":436,"column":31},"end":{"line":436,"column":32}},"loc":{"start":{"line":436,"column":84},"end":{"line":453,"column":7}}},"18":{"name":"(anonymous_26)","decl":{"start":{"line":464,"column":30},"end":{"line":464,"column":31}},"loc":{"start":{"line":464,"column":50},"end":{"line":471,"column":7}}},"19":{"name":"(anonymous_27)","decl":{"start":{"line":142,"column":4},"end":{"line":142,"column":18}},"loc":{"start":{"line":142,"column":63},"end":{"line":194,"column":5}}},"20":{"name":"(anonymous_28)","decl":{"start":{"line":198,"column":4},"end":{"line":198,"column":11}},"loc":{"start":{"line":198,"column":4},"end":{"line":300,"column":5}}},"21":{"name":"(anonymous_29)","decl":{"start":{"line":455,"column":6},"end":{"line":455,"column":14}},"loc":{"start":{"line":455,"column":76},"end":{"line":462,"column":7}}}},"branchMap":{"0":{"loc":{"start":{"line":120,"column":8},"end":{"line":120,"column":20}},"type":"binary-expr","locations":[{"start":{"line":120,"column":8},"end":{"line":120,"column":20}},{"start":{"line":120,"column":20},"end":{"line":120,"column":null}}]},"1":{"loc":{"start":{"line":307,"column":9},"end":{"line":356,"column":null}},"type":"if","locations":[{"start":{"line":307,"column":9},"end":{"line":356,"column":null}},{"start":{"line":307,"column":9},"end":{"line":356,"column":null}}]},"2":{"loc":{"start":{"line":308,"column":11},"end":{"line":311,"column":null}},"type":"if","locations":[{"start":{"line":308,"column":11},"end":{"line":311,"column":null}},{"start":{"line":308,"column":11},"end":{"line":311,"column":null}}]},"3":{"loc":{"start":{"line":314,"column":16},"end":{"line":356,"column":null}},"type":"if","locations":[{"start":{"line":314,"column":16},"end":{"line":356,"column":null}},{"start":{"line":314,"column":16},"end":{"line":356,"column":null}}]},"4":{"loc":{"start":{"line":315,"column":12},"end":{"line":326,"column":null}},"type":"if","locations":[{"start":{"line":315,"column":12},"end":{"line":326,"column":null}},{"start":{"line":315,"column":12},"end":{"line":326,"column":null}}]},"5":{"loc":{"start":{"line":317,"column":18},"end":{"line":326,"column":null}},"type":"if","locations":[{"start":{"line":317,"column":18},"end":{"line":326,"column":null}},{"start":{"line":317,"column":18},"end":{"line":326,"column":null}}]},"6":{"loc":{"start":{"line":319,"column":14},"end":{"line":325,"column":null}},"type":"if","locations":[{"start":{"line":319,"column":14},"end":{"line":325,"column":null}},{"start":{"line":319,"column":14},"end":{"line":325,"column":null}}]},"7":{"loc":{"start":{"line":319,"column":17},"end":{"line":319,"column":56}},"type":"binary-expr","locations":[{"start":{"line":319,"column":17},"end":{"line":319,"column":56}},{"start":{"line":319,"column":60},"end":{"line":319,"column":98}}]},"8":{"loc":{"start":{"line":322,"column":20},"end":{"line":325,"column":null}},"type":"if","locations":[{"start":{"line":322,"column":20},"end":{"line":325,"column":null}},{"start":{"line":322,"column":20},"end":{"line":325,"column":null}}]},"9":{"loc":{"start":{"line":322,"column":23},"end":{"line":322,"column":61}},"type":"binary-expr","locations":[{"start":{"line":322,"column":23},"end":{"line":322,"column":61}},{"start":{"line":322,"column":65},"end":{"line":322,"column":104}}]},"10":{"loc":{"start":{"line":329,"column":16},"end":{"line":356,"column":null}},"type":"if","locations":[{"start":{"line":329,"column":16},"end":{"line":356,"column":null}},{"start":{"line":329,"column":16},"end":{"line":356,"column":null}}]},"11":{"loc":{"start":{"line":330,"column":12},"end":{"line":348,"column":null}},"type":"if","locations":[{"start":{"line":330,"column":12},"end":{"line":348,"column":null}},{"start":{"line":330,"column":12},"end":{"line":348,"column":null}}]},"12":{"loc":{"start":{"line":332,"column":18},"end":{"line":348,"column":null}},"type":"if","locations":[{"start":{"line":332,"column":18},"end":{"line":348,"column":null}},{"start":{"line":332,"column":18},"end":{"line":348,"column":null}}]},"13":{"loc":{"start":{"line":334,"column":14},"end":{"line":345,"column":null}},"type":"if","locations":[{"start":{"line":334,"column":14},"end":{"line":345,"column":null}},{"start":{"line":334,"column":14},"end":{"line":345,"column":null}}]},"14":{"loc":{"start":{"line":334,"column":17},"end":{"line":334,"column":55}},"type":"binary-expr","locations":[{"start":{"line":334,"column":17},"end":{"line":334,"column":55}},{"start":{"line":334,"column":59},"end":{"line":334,"column":98}}]},"15":{"loc":{"start":{"line":337,"column":20},"end":{"line":345,"column":null}},"type":"if","locations":[{"start":{"line":337,"column":20},"end":{"line":345,"column":null}},{"start":{"line":337,"column":20},"end":{"line":345,"column":null}}]},"16":{"loc":{"start":{"line":337,"column":23},"end":{"line":337,"column":62}},"type":"binary-expr","locations":[{"start":{"line":337,"column":23},"end":{"line":337,"column":62}},{"start":{"line":337,"column":66},"end":{"line":337,"column":104}}]},"17":{"loc":{"start":{"line":351,"column":14},"end":{"line":356,"column":null}},"type":"if","locations":[{"start":{"line":351,"column":14},"end":{"line":356,"column":null}},{"start":{"line":351,"column":14},"end":{"line":356,"column":null}}]},"18":{"loc":{"start":{"line":352,"column":11},"end":{"line":354,"column":null}},"type":"if","locations":[{"start":{"line":352,"column":11},"end":{"line":354,"column":null}},{"start":{"line":352,"column":11},"end":{"line":354,"column":null}}]},"19":{"loc":{"start":{"line":395,"column":8},"end":{"line":404,"column":null}},"type":"if","locations":[{"start":{"line":395,"column":8},"end":{"line":404,"column":null}},{"start":{"line":395,"column":8},"end":{"line":404,"column":null}}]},"20":{"loc":{"start":{"line":395,"column":11},"end":{"line":395,"column":55}},"type":"binary-expr","locations":[{"start":{"line":395,"column":11},"end":{"line":395,"column":55}},{"start":{"line":395,"column":59},"end":{"line":395,"column":110}},{"start":{"line":396,"column":12},"end":{"line":396,"column":63}}]},"21":{"loc":{"start":{"line":416,"column":10},"end":{"line":430,"column":null}},"type":"if","locations":[{"start":{"line":416,"column":10},"end":{"line":430,"column":null}},{"start":{"line":416,"column":10},"end":{"line":430,"column":null}}]},"22":{"loc":{"start":{"line":417,"column":10},"end":{"line":429,"column":null}},"type":"if","locations":[{"start":{"line":417,"column":10},"end":{"line":429,"column":null}},{"start":{"line":417,"column":10},"end":{"line":429,"column":null}}]},"23":{"loc":{"start":{"line":438,"column":8},"end":{"line":451,"column":null}},"type":"if","locations":[{"start":{"line":438,"column":8},"end":{"line":451,"column":null}},{"start":{"line":438,"column":8},"end":{"line":451,"column":null}}]},"24":{"loc":{"start":{"line":439,"column":10},"end":{"line":450,"column":null}},"type":"if","locations":[{"start":{"line":439,"column":10},"end":{"line":450,"column":null}},{"start":{"line":439,"column":10},"end":{"line":450,"column":null}}]},"25":{"loc":{"start":{"line":153,"column":6},"end":{"line":176,"column":null}},"type":"if","locations":[{"start":{"line":153,"column":6},"end":{"line":176,"column":null}},{"start":{"line":153,"column":6},"end":{"line":176,"column":null}}]},"26":{"loc":{"start":{"line":154,"column":8},"end":{"line":165,"column":null}},"type":"if","locations":[{"start":{"line":154,"column":8},"end":{"line":165,"column":null}},{"start":{"line":154,"column":8},"end":{"line":165,"column":null}}]},"27":{"loc":{"start":{"line":154,"column":11},"end":{"line":154,"column":45}},"type":"binary-expr","locations":[{"start":{"line":154,"column":11},"end":{"line":154,"column":45}},{"start":{"line":154,"column":49},"end":{"line":154,"column":83}}]},"28":{"loc":{"start":{"line":157,"column":14},"end":{"line":165,"column":null}},"type":"if","locations":[{"start":{"line":157,"column":14},"end":{"line":165,"column":null}},{"start":{"line":157,"column":14},"end":{"line":165,"column":null}}]},"29":{"loc":{"start":{"line":157,"column":17},"end":{"line":157,"column":54}},"type":"binary-expr","locations":[{"start":{"line":157,"column":17},"end":{"line":157,"column":54}},{"start":{"line":157,"column":58},"end":{"line":157,"column":74}}]},"30":{"loc":{"start":{"line":159,"column":14},"end":{"line":165,"column":null}},"type":"if","locations":[{"start":{"line":159,"column":14},"end":{"line":165,"column":null}},{"start":{"line":159,"column":14},"end":{"line":165,"column":null}}]},"31":{"loc":{"start":{"line":159,"column":17},"end":{"line":159,"column":54}},"type":"binary-expr","locations":[{"start":{"line":159,"column":17},"end":{"line":159,"column":54}},{"start":{"line":159,"column":58},"end":{"line":159,"column":76}},{"start":{"line":159,"column":80},"end":{"line":159,"column":112}}]},"32":{"loc":{"start":{"line":161,"column":14},"end":{"line":165,"column":null}},"type":"if","locations":[{"start":{"line":161,"column":14},"end":{"line":165,"column":null}},{"start":{"line":161,"column":14},"end":{"line":165,"column":null}}]},"33":{"loc":{"start":{"line":161,"column":17},"end":{"line":161,"column":54}},"type":"binary-expr","locations":[{"start":{"line":161,"column":17},"end":{"line":161,"column":54}},{"start":{"line":161,"column":58},"end":{"line":161,"column":76}},{"start":{"line":161,"column":80},"end":{"line":161,"column":112}}]},"34":{"loc":{"start":{"line":163,"column":14},"end":{"line":165,"column":null}},"type":"if","locations":[{"start":{"line":163,"column":14},"end":{"line":165,"column":null}},{"start":{"line":163,"column":14},"end":{"line":165,"column":null}}]},"35":{"loc":{"start":{"line":168,"column":8},"end":{"line":175,"column":null}},"type":"if","locations":[{"start":{"line":168,"column":8},"end":{"line":175,"column":null}},{"start":{"line":168,"column":8},"end":{"line":175,"column":null}}]},"36":{"loc":{"start":{"line":168,"column":11},"end":{"line":168,"column":48}},"type":"binary-expr","locations":[{"start":{"line":168,"column":11},"end":{"line":168,"column":48}},{"start":{"line":168,"column":52},"end":{"line":168,"column":68}}]},"37":{"loc":{"start":{"line":170,"column":14},"end":{"line":175,"column":null}},"type":"if","locations":[{"start":{"line":170,"column":14},"end":{"line":175,"column":null}},{"start":{"line":170,"column":14},"end":{"line":175,"column":null}}]},"38":{"loc":{"start":{"line":170,"column":17},"end":{"line":170,"column":54}},"type":"binary-expr","locations":[{"start":{"line":170,"column":17},"end":{"line":170,"column":54}},{"start":{"line":170,"column":58},"end":{"line":170,"column":76}},{"start":{"line":170,"column":80},"end":{"line":170,"column":112}}]},"39":{"loc":{"start":{"line":173,"column":13},"end":{"line":175,"column":null}},"type":"if","locations":[{"start":{"line":173,"column":13},"end":{"line":175,"column":null}},{"start":{"line":173,"column":13},"end":{"line":175,"column":null}}]},"40":{"loc":{"start":{"line":205,"column":8},"end":{"line":213,"column":null}},"type":"if","locations":[{"start":{"line":205,"column":8},"end":{"line":213,"column":null}},{"start":{"line":205,"column":8},"end":{"line":213,"column":null}}]},"41":{"loc":{"start":{"line":207,"column":56},"end":{"line":207,"column":70}},"type":"cond-expr","locations":[{"start":{"line":207,"column":56},"end":{"line":207,"column":70}},{"start":{"line":207,"column":74},"end":{"line":207,"column":87}}]},"42":{"loc":{"start":{"line":208,"column":14},"end":{"line":213,"column":null}},"type":"if","locations":[{"start":{"line":208,"column":14},"end":{"line":213,"column":null}},{"start":{"line":208,"column":14},"end":{"line":213,"column":null}}]},"43":{"loc":{"start":{"line":210,"column":56},"end":{"line":210,"column":70}},"type":"cond-expr","locations":[{"start":{"line":210,"column":56},"end":{"line":210,"column":70}},{"start":{"line":210,"column":74},"end":{"line":210,"column":101}}]},"44":{"loc":{"start":{"line":212,"column":57},"end":{"line":212,"column":90}},"type":"cond-expr","locations":[{"start":{"line":212,"column":57},"end":{"line":212,"column":90}},{"start":{"line":212,"column":93},"end":{"line":212,"column":127}}]},"45":{"loc":{"start":{"line":220,"column":9},"end":{"line":250,"column":null}},"type":"if","locations":[{"start":{"line":220,"column":9},"end":{"line":250,"column":null}},{"start":{"line":220,"column":9},"end":{"line":250,"column":null}}]}},"s":{"0":1,"1":1,"2":1,"3":1,"4":1,"5":1,"6":1,"7":1,"8":1,"9":1,"10":1,"11":1,"12":1,"13":1,"14":1,"15":1,"16":1,"17":1,"18":0,"19":0,"20":0,"21":0,"22":0,"23":0,"24":0,"25":0,"26":0,"27":0,"28":0,"29":0,"30":0,"31":0,"32":0,"33":0,"34":0,"35":0,"36":0,"37":0,"38":0,"39":0,"40":0,"41":0,"42":0,"43":0,"44":0,"45":0,"46":0,"47":0,"48":0,"49":0,"50":0,"51":0,"52":0,"53":0,"54":0,"55":0,"56":0,"57":0,"58":0,"59":0,"60":0,"61":0,"62":0,"63":0,"64":0,"65":0,"66":0,"67":0,"68":0,"69":0,"70":0,"71":0,"72":0,"73":0,"74":0,"75":0,"76":0,"77":0,"78":0,"79":0,"80":0,"81":0,"82":0,"83":0,"84":0,"85":0,"86":0,"87":0,"88":0,"89":0,"90":0,"91":0,"92":0,"93":0,"94":0,"95":0,"96":0,"97":0,"98":0,"99":0,"100":0,"101":0,"102":0,"103":0,"104":0,"105":0,"106":0,"107":0,"108":0,"109":0,"110":0,"111":0,"112":1,"113":0,"114":0,"115":0,"116":0,"117":0,"118":0,"119":0,"120":0,"121":0,"122":0,"123":0,"124":0,"125":0,"126":0,"127":0,"128":0,"129":0,"130":0,"131":0,"132":0,"133":0,"134":0,"135":0,"136":0,"137":0,"138":0,"139":0,"140":0,"141":0,"142":0,"143":0,"144":0,"145":0,"146":0,"147":1,"148":0,"149":0,"150":0,"151":0,"152":0,"153":0,"154":0,"155":0,"156":0,"157":0,"158":0,"159":0,"160":0,"161":0,"162":0,"163":0,"164":0,"165":0,"166":0,"167":1,"168":0,"169":1,"170":1},"f":{"0":1,"1":0,"2":0,"3":0,"4":0,"5":0,"6":0,"7":0,"8":0,"9":0,"10":0,"11":0,"12":0,"13":0,"14":0,"15
[...]
end":{"line":147,"column":null}},"type":"if","locations":[{"start":{"line":139,"column":6},"end":{"line":147,"column":null}},{"start":{"line":139,"column":6},"end":{"line":147,"column":null}}]},"2":{"loc":{"start":{"line":140,"column":8},"end":{"line":146,"column":null}},"type":"if","locations":[{"start":{"line":140,"column":8},"end":{"line":146,"column":null}},{"start":{"line":140,"column":8},"end":{"line":146,"column":null}}]},"3":{"loc":{"start":{"line":140,"column":11},"end":{"line":140,"column":41}},"type":"binary-expr","locations":[{"start":{"line":140,"column":11},"end":{"line":140,"column":41}},{"start":{"line":140,"column":45},"end":{"line":140,"column":83}}]},"4":{"loc":{"start":{"line":148,"column":6},"end":{"line":157,"column":null}},"type":"if","locations":[{"start":{"line":148,"column":6},"end":{"line":157,"column":null}},{"start":{"line":148,"column":6},"end":{"line":157,"column":null}}]},"5":{"loc":{"start":{"line":149,"column":8},"end":{"line":156,"column":null}},"type":"if","locations":[{"start":{"line":149,"column":8},"end":{"line":156,"column":null}},{"start":{"line":149,"column":8},"end":{"line":156,"column":null}}]},"6":{"loc":{"start":{"line":149,"column":11},"end":{"line":149,"column":33}},"type":"binary-expr","locations":[{"start":{"line":149,"column":11},"end":{"line":149,"column":33}},{"start":{"line":149,"column":37},"end":{"line":149,"column":67}},{"start":{"line":149,"column":71},"end":{"line":149,"column":99}}]},"7":{"loc":{"start":{"line":159,"column":6},"end":{"line":176,"column":null}},"type":"if","locations":[{"start":{"line":159,"column":6},"end":{"line":176,"column":null}},{"start":{"line":159,"column":6},"end":{"line":176,"column":null}}]},"8":{"loc":{"start":{"line":160,"column":8},"end":{"line":167,"column":null}},"type":"if","locations":[{"start":{"line":160,"column":8},"end":{"line":167,"column":null}},{"start":{"line":160,"column":8},"end":{"line":167,"column":null}}]},"9":{"loc":{"start":{"line":160,"column":11},"end":{"line":160,"column":42}},"type":"binary-expr","locations":[{"start":{"line":160,"column":11},"end":{"line":160,"column":42}},{"start":{"line":160,"column":46},"end":{"line":160,"column":85}},{"start":{"line":161,"column":10},"end":{"line":161,"column":47}}]},"10":{"loc":{"start":{"line":168,"column":8},"end":{"line":175,"column":null}},"type":"if","locations":[{"start":{"line":168,"column":8},"end":{"line":175,"column":null}},{"start":{"line":168,"column":8},"end":{"line":175,"column":null}}]},"11":{"loc":{"start":{"line":168,"column":11},"end":{"line":168,"column":45}},"type":"binary-expr","locations":[{"start":{"line":168,"column":11},"end":{"line":168,"column":45}},{"start":{"line":168,"column":50},"end":{"line":168,"column":84}},{"start":{"line":169,"column":38},"end":{"line":169,"column":80}}]},"12":{"loc":{"start":{"line":188,"column":8},"end":{"line":511,"column":null}},"type":"if","locations":[{"start":{"line":188,"column":8},"end":{"line":511,"column":null}},{"start":{"line":188,"column":8},"end":{"line":511,"column":null}}]},"13":{"loc":{"start":{"line":188,"column":11},"end":{"line":188,"column":41}},"type":"binary-expr","locations":[{"start":{"line":188,"column":11},"end":{"line":188,"column":41}},{"start":{"line":188,"column":45},"end":{"line":188,"column":68}},{"start":{"line":189,"column":10},"end":{"line":189,"column":49}},{"start":{"line":189,"column":53},"end":{"line":189,"column":87}}]},"14":{"loc":{"start":{"line":219,"column":8},"end":{"line":232,"column":null}},"type":"if","locations":[{"start":{"line":219,"column":8},"end":{"line":232,"column":null}},{"start":{"line":219,"column":8},"end":{"line":232,"column":null}}]},"15":{"loc":{"start":{"line":226,"column":10},"end":{"line":230,"column":null}},"type":"if","locations":[{"start":{"line":226,"column":10},"end":{"line":230,"column":null}},{"start":{"line":226,"column":10},"end":{"line":230,"column":null}}]},"16":{"loc":{"start":{"line":234,"column":8},"end":{"line":273,"column":null}},"type":"if","locations":[{"start":{"line":234,"column":8},"end":{"line":273,"column":null}},{"start":{"line":234,"column":8},"end":{"line":273,"column":null}}]},"17":{"loc":{"start":{"line":234,"column":11},"end":{"line":234,"column":61}},"type":"binary-expr","locations":[{"start":{"line":234,"column":11},"end":{"line":234,"column":61}},{"start":{"line":235,"column":12},"end":{"line":235,"column":62}}]},"18":{"loc":{"start":{"line":237,"column":14},"end":{"line":250,"column":null}},"type":"if","locations":[{"start":{"line":237,"column":14},"end":{"line":250,"column":null}},{"start":{"line":237,"column":14},"end":{"line":250,"column":null}}]},"19":{"loc":{"start":{"line":244,"column":19},"end":{"line":250,"column":null}},"type":"if","locations":[{"start":{"line":244,"column":19},"end":{"line":250,"column":null}},{"start":{"line":244,"column":19},"end":{"line":250,"column":null}}]},"20":{"loc":{"start":{"line":256,"column":10},"end":{"line":260,"column":null}},"type":"if","locations":[{"start":{"line":256,"column":10},"end":{"line":260,"column":null}},{"start":{"line":256,"column":10},"end":{"line":260,"column":null}}]},"21":{"loc":{"start":{"line":267,"column":10},"end":{"line":271,"column":null}},"type":"if","locations":[{"start":{"line":267,"column":10},"end":{"line":271,"column":null}},{"start":{"line":267,"column":10},"end":{"line":271,"column":null}}]},"22":{"loc":{"start":{"line":313,"column":12},"end":{"line":496,"column":null}},"type":"if","locations":[{"start":{"line":313,"column":12},"end":{"line":496,"column":null}},{"start":{"line":313,"column":12},"end":{"line":496,"column":null}}]},"23":{"loc":{"start":{"line":321,"column":14},"end":{"line":323,"column":null}},"type":"if","locations":[{"start":{"line":321,"column":14},"end":{"line":323,"column":null}},{"start":{"line":321,"column":14},"end":{"line":323,"column":null}}]},"24":{"loc":{"start":{"line":321,"column":17},"end":{"line":321,"column":41}},"type":"binary-expr","locations":[{"start":{"line":321,"column":17},"end":{"line":321,"column":41}},{"start":{"line":321,"column":45},"end":{"line":321,"column":80}}]},"25":{"loc":{"start":{"line":324,"column":14},"end":{"line":326,"column":null}},"type":"if","locations":[{"start":{"line":324,"column":14},"end":{"line":326,"column":null}},{"start":{"line":324,"column":14},"end":{"line":326,"column":null}}]},"26":{"loc":{"start":{"line":324,"column":17},"end":{"line":324,"column":44}},"type":"binary-expr","locations":[{"start":{"line":324,"column":17},"end":{"line":324,"column":44}},{"start":{"line":324,"column":48},"end":{"line":324,"column":86}}]},"27":{"loc":{"start":{"line":328,"column":16},"end":{"line":349,"column":null}},"type":"if","locations":[{"start":{"line":328,"column":16},"end":{"line":349,"column":null}},{"start":{"line":328,"column":16},"end":{"line":349,"column":null}}]},"28":{"loc":{"start":{"line":338,"column":18},"end":{"line":346,"column":null}},"type":"if","locations":[{"start":{"line":338,"column":18},"end":{"line":346,"column":null}},{"start":{"line":338,"column":18},"end":{"line":346,"column":null}}]},"29":{"loc":{"start":{"line":357,"column":16},"end":{"line":363,"column":null}},"type":"if","locations":[{"start":{"line":357,"column":16},"end":{"line":363,"column":null}},{"start":{"line":357,"column":16},"end":{"line":363,"column":null}}]},"30":{"loc":{"start":{"line":372,"column":17},"end":{"line":496,"column":null}},"type":"if","locations":[{"start":{"line":372,"column":17},"end":{"line":496,"column":null}},{"start":{"line":372,"column":17},"end":{"line":496,"column":null}}]},"31":{"loc":{"start":{"line":380,"column":14},"end":{"line":382,"column":null}},"type":"if","locations":[{"start":{"line":380,"column":14},"end":{"line":382,"column":null}},{"start":{"line":380,"column":14},"end":{"line":382,"column":null}}]},"32":{"loc":{"start":{"line":380,"column":17},"end":{"line":380,"column":41}},"type":"binary-expr","locations":[{"start":{"line":380,"column":17},"end":{"line":380,"column":41}},{"start":{"line":380,"column":45},"end":{"line":380,"column":80}}]},"33":{"loc":{"start":{"line":383,"column":14},"end":{"line":385,"column":null}},"type":"if","locations":[{"start":{"line":383,"column":14},"end":{"line":385,"column":null}},{"start":{"line":383,"column":14},"end":{"line":385,"column":null}}]},"34":{"loc":{"start":{"line":383,"column":17},"end":{"line":383,"column":44}},"type":"binary-expr","locations":[{"start":{"line":383,"column":17},"end":{"line":383,"column":44}},{"start":{"line":383,"column":48},"end":{"line":383,"column":86}}]},"35":{"loc":{"start":{"line":387,"column":16},"end":{"line":408,"column":null}},"type":"if","locations":[{"start":{"line":387,"column":16},"end":{"line":408,"column":null}},{"start":{"line":387,"column":16},"end":{"line":408,"column":null}}]},"36":{"loc":{"start":{"line":397,"column":18},"end":{"line":405,"column":null}},"type":"if","locations":[{"start":{"line":397,"column":18},"end":{"line":405,"column":null}},{"start":{"line":397,"column":18},"end":{"line":405,"column":null}}]},"37":{"loc":{"start":{"line":418,"column":16},"end":{"line":424,"column":null}},"type":"if","locations":[{"start":{"line":418,"column":16},"end":{"line":424,"column":null}},{"start":{"line":418,"column":16},"end":{"line":424,"column":null}}]},"38":{"loc":{"start":{"line":434,"column":17},"end":{"line":496,"column":null}},"type":"if","locations":[{"start":{"line":434,"column":17},"end":{"line":496,"column":null}},{"start":{"line":434,"column":17},"end":{"line":496,"column":null}}]},"39":{"loc":{"start":{"line":440,"column":16},"end":{"line":442,"column":null}},"type":"if","locations":[{"start":{"line":440,"column":16},"end":{"line":442,"column":null}},{"start":{"line":440,"column":16},"end":{"line":442,"column":null}}]},"40":{"loc":{"start":{"line":440,"column":19},"end":{"line":440,"column":41}},"type":"binary-expr","locations":[{"start":{"line":440,"column":19},"end":{"line":440,"column":41}},{"start":{"line":440,"column":45},"end":{"line":440,"column":78}}]},"41":{"loc":{"start":{"line":443,"column":16},"end":{"line":445,"column":null}},"type":"if","locations":[{"start":{"line":443,"column":16},"end":{"line":445,"column":null}},{"start":{"line":443,"column":16},"end":{"line":445,"column":null}}]},"42":{"loc":{"start":{"line":443,"column":19},"end":{"line":443,"column":43}},"type":"binary-expr","locations":[{"start":{"line":443,"column":19},"end":{"line":443,"column":43}},{"start":{"line":443,"column":47},"end":{"line":443,"column":82}}]},"43":{"loc":{"start":{"line":446,"column":16},"end":{"line":448,"column":null}},"type":"if","locations":[{"start":{"line":446,"column":16},"end":{"line":448,"column":null}},{"start":{"line":446,"column":16},"end":{"line":448,"column":null}}]},"44":{"loc":{"start":{"line":446,"column":19},"end":{"line":446,"column":46}},"type":"binary-expr","locations":[{"start":{"line":446,"column":19},"end":{"line":446,"column":46}},{"start":{"line":446,"column":50},"end":{"line":446,"column":88}}]},"45":{"loc":{"start":{"line":452,"column":18},"end":{"line":487,"column":null}},"type":"if","locations":[{"start":{"line":452,"column":18},"end":{"line":487,"column":null}},{"start":{"line":452,"column":18},"end":{"line":487,"column":null}}]},"46":{"loc":{"start":{"line":461,"column":20},"end":{"line":483,"column":null}},"type":"if","locations":[{"start":{"line":461,"column":20},"end":{"line":483,"column":null}},{"start":{"line":461,"column":20},"end":{"line":483,"column":null}}]},"47":{"loc":{"start":{"line":462,"column":22},"end":{"line":466,"column":null}},"type":"if","locations":[{"start":{"line":462,"column":22},"end":{"line":466,"column":null}},{"start":{"line":462,"column":22},"end":{"line":466,"column":null}}]},"48":{"loc":{"start":{"line":464,"column":28},"end":{"line":466,"column":null}},"type":"if","locations":[{"start":{"line":464,"column":28},"end":{"line":466,"column":null}},{"start":{"line":464,"column":28},"end":{"line":466,"column":null}}]},"49":{"loc":{"start":{"line":473,"column":22},"end":{"line":477,"column":null}},"type":"if","locations":[{"start":{"line":473,"column":22},"end":{"line":477,"column":null}},{"start":{"line":473,"column":22},"end":{"line":477,"column":null}}]},"50":{"loc":{"start":{"line":560,"column":8},"end":{"line":563,"column":null}},"type":"if","locations":[{"start":{"line":560,"column":8},"end":{"line":563,"column":null}},{"start":{"line":560,"column":8},"end":{"line":563,"column":null}}]},"51":{"loc":{"start":{"line":567,"column":8},"end":{"line":574,"column":null}},"type":"if","locations":[{"start":{"line":567,"column":8},"end":{"line":574,"column":null}},{"start":{"line":567,"column":8},"end":{"line":574,"column":null}}]},"52":{"loc":{"start":{"line":567,"column":11},"end":{"line":567,"column":34}},"type":"binary-expr","locations":[{"start":{"line":567,"column":11},"end":{"line":567,"column":34}},{"start":{"line":567,"column":38},"end":{"line":567,"column":71}},{"start":{"line":567,"column":75},"end":{"line":567,"column":101}},{"start":{"line":568,"column":15},"end":{"line":568,"column":38}}]},"53":{"loc":{"start":{"line":575,"column":8},"end":{"line":585,"column":null}},"type":"if","locations":[{"start":{"line":575,"column":8},"end":{"line":585,"column":null}},{"start":{"line":575,"column":8},"end":{"line":585,"column":null}}]},"54":{"loc":{"start":{"line":575,"column":11},"end":{"line":575,"column":38}},"type":"binary-expr","locations":[{"start":{"line":575,"column":11},"end":{"line":575,"column":38}},{"start":{"line":575,"column":42},"end":{"line":575,"column":55}}]},"55":{"loc":{"start":{"line":577,"column":14},"end":{"line":585,"column":null}},"type":"if","locations":[{"start":{"line":577,"column":14},"end":{"line":585,"column":null}},{"start":{"line":577,"column":14},"end":{"line":585,"column":null}}]},"56":{"loc":{"start":{"line":608,"column":13},"end":{"line":608,"column":26}},"type":"binary-expr","locations":[{"start":{"line":608,"column":13},"end":{"line":608,"column":26}},{"start":{"line":608,"column":30},"end":{"line":608,"column":62}},{"start":{"line":608,"column":66},"end":{"line":608,"column":97}},{"start":{"line":609,"column":14},"end":{"line":609,"column":67}}]},"57":{"loc":{"start":{"line":611,"column":12},"end":{"line":611,"column":25}},"type":"binary-expr","locations":[{"start":{"line":611,"column":12},"end":{"line":611,"column":25}},{"start":{"line":611,"column":29},"end":{"line":611,"column":61}},{"start":{"line":612,"column":13},"end":{"line":619,"column":null}}]},"58":{"loc":{"start":{"line":622,"column":12},"end":{"line":622,"column":25}},"type":"binary-expr","locations":[{"start":{"line":622,"column":12},"end":{"line":622,"column":25}},{"start":{"line":622,"column":29},"end":{"line":622,"column":68}},{"start":{"line":622,"column":72},"end":{"line":622,"column":96}},{"start":{"line":623,"column":14},"end":{"line":623,"column":59}}]},"59":{"loc":{"start":{"line":625,"column":11},"end":{"line":625,"column":24}},"type":"binary-expr","locations":[{"start":{"line":625,"column":11},"end":{"line":625,"column":24}},{"start":{"line":625,"column":28},"end":{"line":625,"column":67}},{"start":{"line":626,"column":11},"end":{"line":627,"column":41}}]},"60":{"loc":{"start":{"line":630,"column":11},"end":{"line":630,"column":24}},"type":"binary-expr","locations":[{"start":{"line":630,"column":11},"end":{"line":630,"column":24}},{"start":{"line":630,"column":28},"end":{"line":630,"column":67}},{"start":{"line":630,"column":71},"end":{"line":630,"column":106}},{"start":{"line":631,"column":12},"end":{"line":631,"column":70}}]},"61":{"loc":{"start":{"line":635,"column":11},"end":{"line":635,"column":24}},"type":"binary-expr","locations":[{"start":{"line":635,"column":11},"end":{"line":635,"column":24}},{"start":{"line":635,"column":28},"end":{"line":635,"column":67}},{"start":{"line":635,"column":71},"end":{"line":635,"column":105}},{"start":{"line":636,"column":12},"end":{"line":639,"column":55}}]},"62":{"loc":{"start":{"line":642,"column":11},"end":{"line":642,"column":24}},"type":"binary-expr","locations":[{"start":{"line":642,"column":11},"end":{"line":642,"column":24}},{"start":{"line":642,"column":28},"end":{"line":642,"column":67}},{"start":{"line":642,"column":71},"end":{"line":642,"column":111}},{"start":{"line":643,"column":12},"end":{"line":643,"column":74}}]},"63":{"loc":{"start":{"line":645,"column":11},"end":{"line":645,"column":24}},"type":"binary-expr","locations":[{"start":{"line":645,"column":11},"end":{"line":645,"column":24}},{"start":{"line":645,"column":28},"end":{"line":645,"column":67}},{"start":{"line":646,"column":12},"end":{"line":647,"column":59}}]}},"s":{"0":1,"1":1,"2":1,"3":1,"4":1,"5":1,"6":1,"7":1,"8":1,"9":1,"10":1,"11":1,"12":1,"13":1,"14":0,"15":0,"16":0,"17":0,"18":0,"19":0,"20":0,"21":0,"22":0,"23":0,"24":0,"25":0,"26":0,"27":0,"28":0,"29":0,"30":0,"31":0,"32":0,"33":0,"34":0,"35":0,"36":0,"37":0,"38":0,"39":0,"40":0,"41":0,"42":0,"43":0,"44":0,"45":0,"46":0,"47":0,"48":0,"49":0,"50":0,"51":0,"52":0,"53":0,"54":0,"55":0,"56":0,"57":0,"58":0,"59":0,"60":0,"61":0,"62":0,"63":0,"64":0,"65":0,"66":0,"67":0,"68":0,"69":0,"70":0,"71":0,"72":0,"73":0,"74":0,"75":0,"76":0,"77":0,"78":0,"79":0,"80":0,"81":0,"82":0,"83":0,"84":0,"85":0,"86":0,"87":0,"88":0,"89":0,"90":0,"91":0,"92":0,"93":0,"94":0,"95":0,"96":0,"97":0,"98":0,"99":0,"100":0,"101":0,"102":0,"103":0,"104":0,"105":0,"106":0,"107":0,"108":0,"109":0,"110":0,"111":0,"112":0,"113":0,"114":0,"115":0,"116":0,"117":0,"118":0,"119":0,"120":0,"121":0,"122":0,"123":0,"124":0,"125":0,"126":0,"127":0,"128":0,"129":0,"130":0,"131":0,"132":0,"133":0,"134":0,"135":0,"136":0,"137":0,"138":0,"139":0,"140":0,"141":0,"142":0,"143":0,"144":0,"145":0,"146":0,"147":0,"148":0,"149":0,"150":0,"151":0,"152":0,"153":0,"154":0,"155":0,"156":0,"157":0,"158":0,"159":0,"160":0,"161":0,"162":0,"163":0,"164":0,"165":0,"166":0,"167":0,"168":0,"169":0,"170":0,"171":0,"172":0,"173":0,"174":0,"175":0,"176":0,"177":0,"178":0,"179":0,"180":0,"181":0,"182":0,"183":0,"184":0,"185":0,"186":0,"187":0,"188":0,"189":0,"190":0,"191":0,"192":0,"193":0,"194":0,"195":0,"196":0,"197":0,"198":0,"199":0,"200":0,"201":0,"202":0,"203":0,"204":0,"205":0,"206":0,"207":0,"208":0,"209":0,"210":0,"211":0,"212":0,"213":0,"214":0,"215":0,"216":0,"217":0,"218":0,"219":0,"220":0,"221":0,"222":0,"223":0,"224":0,"225":0,"226":0,"227":0,"228":0,"229":0,"230":0,"231":0,"232":0,"233":0,"234":0,"235":0,"236":0,"237":0,"238":0,"239":0,"240":0,"241":0,"242":0,"243":0,"244":0,"245":0,"246":0,"247":0,"248":0,"249":0,"250":0,"251":0,"252":0,"253":0,"254":0,"255":0,"256":0,"257":0,"258":0,"259":0,"260":0,"261":0,"262":0,"263":0,"264":0,"265":0,"266":0,"267":0,"268":0,"269":0,"270":0,"271":0,"272":0,"273":0,"274":0,"275":0,"276":0,"277":0,"278":0,"279":0,"280":0,"281":0,"282":0,"283":0,"284":0,"285":0,"286":0,"287":1,"288":0,"289":0,"290":0,"291":0,"292":0,"293":0,"294":0,"295":0,"296":0,"297":0,"298":0,"299":0,"300":0,"301":0,"302":0,"303":0,"304":0,"305":0,"306":0,"307":0,"308":0,"309":0,"310":0,"311":0,"312":0,"313":1,"314":0,"315":0,"316":0,"317":0,"318":0,"319":0,"320":0,"321":0,"322":1,"323":1},"f":{"0":1,"1":0,"2":0,"3":0,"4":0,"5":0,"6":0,"7":0,"8":0,"9":0,"10":0,"11":0,"12":0,"13":0,"14":0,"15":0,"16":0,"17":0,"18":0,"19":0,"20":0,"21":0,"22":0},"b":{"0":[0,0],"1":[0,0],"2":[0,0],"3":[0,0],"4":[0,0],"5":[0,0],"6":[0,0,0],"7":[0,0],"8":[0,0],"9":[0,0,0],"10":[0,0],"11":[0,0,0],"12":[0,0],"13":[0,0,0,0],"14":[0,0],"15":[0,0],"16":[0,0],"17":[0,0],"18":[0,0],"19":[0,0],"20":[0,0],"21":[0,0],"22":[0,0],"23":[0,0],"24":[0,0],"25":[0,0],"26":[0,0],"27":[0,0],"28":[0,0],"29":[0,0],"30":[0,0],"31":[0,0],"32":[0,0],"33":[0,0],"34":[0,0],"35":[0,0],"36":[0,0],"37":[0,0],"38":[0,0],"39":[0,0],"40":[0,0],"41":[0,0],"42":[0,0],"43":[0,0],"44":[0,0],"45":[0,0],"46":[0,0],"47":[0,0],"48":[0,0],"49":[0,0],"50":[0,0],"51":[0,0],"52":[0,0,0,0],"53":[0,0],"54":[0,0],"55":[0,0],"56":[0,0,0,0],"57":[0,0,0],"58":[0,0,0,0],"59":[0,0,0],"60":[0,0,0,0],"61":[0,0,0,0],"62":[0,0,0,0],"63":[0,0,0]}}
}
