TN:
SF:src\webparts\hawkGdpr\components\PivotLargeTabsExample.tsx
FN:94,(anonymous_19)
FN:125,PivotTabsLargeExample
FN:626,(anonymous_21)
FN:653,(anonymous_22)
FN:659,(anonymous_23)
FN:670,(anonymous_24)
FN:671,(anonymous_25)
FN:728,(anonymous_26)
FN:744,(anonymous_27)
FN:770,(anonymous_28)
FN:783,(anonymous_29)
FN:808,(anonymous_30)
FN:814,(anonymous_31)
FN:137,(anonymous_32)
FN:153,(anonymous_33)
FN:169,(anonymous_34)
FN:178,(anonymous_35)
FN:191,(anonymous_36)
FN:244,(anonymous_37)
FN:311,(anonymous_40)
FN:389,(anonymous_43)
FN:462,(anonymous_46)
FN:474,(anonymous_49)
FN:555,(anonymous_50)
FN:575,(anonymous_53)
FN:588,(anonymous_54)
FN:595,(anonymous_55)
FN:603,(anonymous_56)
FN:610,(anonymous_57)
FN:616,(anonymous_58)
FN:713,(anonymous_59)
FN:717,(anonymous_60)
FN:824,(anonymous_61)
FN:871,(anonymous_62)
FN:912,(anonymous_63)
FN:929,(anonymous_64)
FN:946,(anonymous_65)
FN:964,(anonymous_66)
FNF:38
FNH:17
FNDA:1,(anonymous_19)
FNDA:21,PivotTabsLargeExample
FNDA:0,(anonymous_21)
FNDA:0,(anonymous_22)
FNDA:0,(anonymous_23)
FNDA:0,(anonymous_24)
FNDA:0,(anonymous_25)
FNDA:0,(anonymous_26)
FNDA:0,(anonymous_27)
FNDA:0,(anonymous_28)
FNDA:0,(anonymous_29)
FNDA:0,(anonymous_30)
FNDA:0,(anonymous_31)
FNDA:0,(anonymous_32)
FNDA:0,(anonymous_33)
FNDA:0,(anonymous_34)
FNDA:0,(anonymous_35)
FNDA:0,(anonymous_36)
FNDA:22,(anonymous_37)
FNDA:23,(anonymous_40)
FNDA:22,(anonymous_43)
FNDA:22,(anonymous_46)
FNDA:22,(anonymous_49)
FNDA:22,(anonymous_50)
FNDA:9,(anonymous_53)
FNDA:2,(anonymous_54)
FNDA:2,(anonymous_55)
FNDA:2,(anonymous_56)
FNDA:1,(anonymous_57)
FNDA:2,(anonymous_58)
FNDA:67,(anonymous_59)
FNDA:51,(anonymous_60)
FNDA:124,(anonymous_61)
FNDA:0,(anonymous_62)
FNDA:0,(anonymous_63)
FNDA:0,(anonymous_64)
FNDA:0,(anonymous_65)
FNDA:0,(anonymous_66)
DA:1,1
DA:2,1
DA:4,1
DA:7,1
DA:8,1
DA:11,1
DA:14,1
DA:15,1
DA:22,1
DA:45,1
DA:51,1
DA:52,1
DA:53,1
DA:94,1
DA:109,21
DA:110,21
DA:126,21
DA:127,21
DA:128,21
DA:132,21
DA:138,0
DA:148,21
DA:154,0
DA:164,21
DA:170,0
DA:179,0
DA:186,21
DA:192,0
DA:201,21
DA:202,21
DA:203,21
DA:204,21
DA:205,21
DA:206,21
DA:207,21
DA:208,21
DA:209,21
DA:210,21
DA:216,21
DA:238,21
DA:239,21
DA:244,1
DA:246,22
DA:247,22
DA:249,22
DA:256,22
DA:257,22
DA:259,22
DA:263,22
DA:266,22
DA:267,22
DA:268,22
DA:269,22
DA:270,88
DA:271,88
DA:272,88
DA:273,44
DA:274,44
DA:275,44
DA:278,22
DA:280,22
DA:283,22
DA:284,22
DA:285,22
DA:287,69
DA:288,69
DA:290,22
DA:292,22
DA:293,22
DA:294,22
DA:303,0
DA:304,0
DA:311,1
DA:312,23
DA:313,23
DA:314,23
DA:315,46
DA:316,46
DA:317,46
DA:318,46
DA:319,46
DA:320,46
DA:321,1
DA:337,45
DA:338,45
DA:339,45
DA:340,22
DA:341,22
DA:343,45
DA:370,23
DA:372,23
DA:373,23
DA:374,23
DA:376,23
DA:381,0
DA:382,0
DA:389,1
DA:391,22
DA:392,44
DA:393,44
DA:394,44
DA:395,44
DA:396,44
DA:397,44
DA:398,22
DA:414,22
DA:415,22
DA:416,22
DA:417,22
DA:418,22
DA:420,22
DA:446,22
DA:448,22
DA:449,22
DA:450,22
DA:452,22
DA:457,0
DA:458,0
DA:462,1
DA:464,22
DA:466,22
DA:468,22
DA:470,22
DA:474,22
DA:475,22
DA:477,22
DA:478,22
DA:479,22
DA:480,22
DA:481,44
DA:482,0
DA:483,0
DA:484,0
DA:485,0
DA:486,22
DA:487,44
DA:488,22
DA:489,22
DA:490,22
DA:491,22
DA:492,22
DA:495,0
DA:496,0
DA:497,0
DA:498,0
DA:499,0
DA:500,0
DA:505,22
DA:506,44
DA:507,0
DA:508,0
DA:509,0
DA:510,0
DA:511,0
DA:516,22
DA:517,22
DA:518,22
DA:519,22
DA:521,22
DA:522,22
DA:523,22
DA:527,22
DA:528,22
DA:529,22
DA:531,22
DA:538,22
DA:542,22
DA:546,0
DA:547,0
DA:548,0
DA:555,1
DA:556,22
DA:557,22
DA:558,22
DA:575,1
DA:576,9
DA:577,9
DA:578,9
DA:579,5
DA:580,5
DA:581,5
DA:582,5
DA:585,9
DA:586,2
DA:588,2
DA:592,7
DA:593,2
DA:595,2
DA:599,5
DA:601,2
DA:603,2
DA:607,3
DA:608,1
DA:610,1
DA:613,2
DA:614,2
DA:616,2
DA:626,21
DA:627,0
DA:628,0
DA:630,0
DA:631,0
DA:632,0
DA:633,0
DA:634,0
DA:635,0
DA:636,0
DA:637,0
DA:638,0
DA:639,0
DA:640,0
DA:641,0
DA:642,0
DA:643,0
DA:644,0
DA:645,0
DA:646,0
DA:648,0
DA:649,0
DA:650,0
DA:651,0
DA:653,0
DA:655,0
DA:656,0
DA:657,0
DA:658,0
DA:659,0
DA:660,0
DA:661,0
DA:662,0
DA:664,0
DA:665,0
DA:668,0
DA:669,0
DA:670,0
DA:671,0
DA:672,0
DA:674,0
DA:675,0
DA:678,0
DA:682,0
DA:683,0
DA:684,0
DA:685,0
DA:689,0
DA:690,0
DA:694,0
DA:695,0
DA:699,0
DA:700,0
DA:705,0
DA:713,1
DA:714,67
DA:715,67
DA:717,67
DA:719,51
DA:728,21
DA:729,0
DA:730,0
DA:732,0
DA:733,0
DA:735,0
DA:737,0
DA:744,21
DA:745,0
DA:748,0
DA:749,0
DA:750,0
DA:752,0
DA:755,0
DA:756,0
DA:758,0
DA:761,0
DA:763,0
DA:765,0
DA:767,0
DA:769,0
DA:770,0
DA:771,0
DA:772,0
DA:773,0
DA:775,0
DA:777,0
DA:782,0
DA:783,0
DA:784,0
DA:785,0
DA:786,0
DA:788,0
DA:789,0
DA:792,0
DA:794,0
DA:795,0
DA:801,0
DA:808,21
DA:809,0
DA:814,21
DA:815,0
DA:824,124
DA:827,124
DA:828,124
DA:829,124
DA:834,124
DA:871,0
DA:913,0
DA:930,0
DA:947,0
DA:964,0
DA:975,1
LF:309
LH:184
BRDA:126,0,0,21
BRDA:126,0,1,21
BRDA:630,1,0,0
BRDA:630,1,1,0
BRDA:635,2,0,0
BRDA:635,2,1,0
BRDA:639,3,0,0
BRDA:639,3,1,0
BRDA:643,4,0,0
BRDA:643,4,1,0
BRDA:660,5,0,0
BRDA:660,5,1,0
BRDA:668,6,0,0
BRDA:668,6,1,0
BRDA:684,7,0,0
BRDA:684,7,1,0
BRDA:689,8,0,0
BRDA:689,8,1,0
BRDA:694,9,0,0
BRDA:694,9,1,0
BRDA:699,10,0,0
BRDA:699,10,1,0
BRDA:732,11,0,0
BRDA:732,11,1,0
BRDA:749,12,0,0
BRDA:749,12,1,0
BRDA:749,13,0,0
BRDA:749,13,1,0
BRDA:755,14,0,0
BRDA:755,14,1,0
BRDA:755,15,0,0
BRDA:755,15,1,0
BRDA:761,16,0,0
BRDA:761,16,1,0
BRDA:761,17,0,0
BRDA:761,17,1,0
BRDA:761,17,2,0
BRDA:767,18,0,0
BRDA:767,18,1,0
BRDA:767,19,0,0
BRDA:767,19,1,0
BRDA:767,19,2,0
BRDA:771,20,0,0
BRDA:771,20,1,0
BRDA:773,21,0,0
BRDA:773,21,1,0
BRDA:773,22,0,0
BRDA:773,22,1,0
BRDA:784,23,0,0
BRDA:784,23,1,0
BRDA:272,24,0,44
BRDA:272,24,1,44
BRDA:274,25,0,44
BRDA:274,25,1,0
BRDA:316,26,0,46
BRDA:316,26,1,0
BRDA:318,27,0,46
BRDA:318,27,1,0
BRDA:320,28,0,1
BRDA:320,28,1,45
BRDA:339,29,0,22
BRDA:339,29,1,23
BRDA:393,30,0,44
BRDA:393,30,1,0
BRDA:395,31,0,44
BRDA:395,31,1,0
BRDA:397,32,0,22
BRDA:397,32,1,22
BRDA:416,33,0,22
BRDA:416,33,1,0
BRDA:481,34,0,22
BRDA:481,34,1,0
BRDA:481,35,0,22
BRDA:481,35,1,0
BRDA:486,36,0,0
BRDA:486,36,1,22
BRDA:487,37,0,22
BRDA:487,37,1,22
BRDA:488,38,0,0
BRDA:488,38,1,22
BRDA:495,39,0,0
BRDA:495,39,1,0
BRDA:505,40,0,0
BRDA:505,40,1,22
BRDA:506,41,0,22
BRDA:506,41,1,0
BRDA:578,42,0,5
BRDA:578,42,1,4
BRDA:585,43,0,2
BRDA:585,43,1,7
BRDA:587,44,0,2
BRDA:587,44,1,0
BRDA:588,45,0,2
BRDA:588,45,1,1
BRDA:588,45,2,1
BRDA:592,46,0,2
BRDA:592,46,1,5
BRDA:594,47,0,2
BRDA:594,47,1,0
BRDA:595,48,0,2
BRDA:595,48,1,1
BRDA:595,48,2,1
BRDA:599,49,0,2
BRDA:599,49,1,3
BRDA:602,50,0,2
BRDA:602,50,1,0
BRDA:603,51,0,2
BRDA:603,51,1,1
BRDA:603,51,2,1
BRDA:607,52,0,1
BRDA:607,52,1,2
BRDA:609,53,0,1
BRDA:609,53,1,0
BRDA:615,54,0,2
BRDA:615,54,1,0
BRDA:616,55,0,2
BRDA:616,55,1,1
BRDA:616,55,2,1
BRDA:719,56,0,0
BRDA:719,56,1,51
BRDA:719,57,0,51
BRDA:719,57,1,0
BRDA:838,58,0,124
BRDA:838,58,1,0
BRDA:838,58,2,0
BRDA:842,59,0,124
BRDA:842,59,1,0
BRDA:842,59,2,0
BRDA:846,60,0,124
BRDA:846,60,1,0
BRDA:846,60,2,0
BRDA:850,61,0,124
BRDA:850,61,1,0
BRF:133
BRH:57
end_of_record
TN:
SF:src\webparts\hawkGdpr\components\ListComponents\DetailsListExample.tsx
FN:107,(anonymous_8)
FN:119,DetailsListExample
FN:302,(anonymous_10)
FN:312,(anonymous_11)
FN:316,(anonymous_12)
FN:321,(anonymous_13)
FN:324,(anonymous_14)
FN:328,(anonymous_15)
FN:336,(anonymous_16)
FN:339,(anonymous_17)
FN:347,(anonymous_18)
FN:349,(anonymous_19)
FN:355,(anonymous_20)
FN:360,(anonymous_21)
FN:368,(anonymous_22)
FN:407,(anonymous_23)
FN:413,(anonymous_24)
FN:436,(anonymous_25)
FN:464,(anonymous_26)
FN:142,(anonymous_27)
FN:198,(anonymous_28)
FN:455,(anonymous_29)
FNF:22
FNH:1
FNDA:1,(anonymous_8)
FNDA:0,DetailsListExample
FNDA:0,(anonymous_10)
FNDA:0,(anonymous_11)
FNDA:0,(anonymous_12)
FNDA:0,(anonymous_13)
FNDA:0,(anonymous_14)
FNDA:0,(anonymous_15)
FNDA:0,(anonymous_16)
FNDA:0,(anonymous_17)
FNDA:0,(anonymous_18)
FNDA:0,(anonymous_19)
FNDA:0,(anonymous_20)
FNDA:0,(anonymous_21)
FNDA:0,(anonymous_22)
FNDA:0,(anonymous_23)
FNDA:0,(anonymous_24)
FNDA:0,(anonymous_25)
FNDA:0,(anonymous_26)
FNDA:0,(anonymous_27)
FNDA:0,(anonymous_28)
FNDA:0,(anonymous_29)
DA:1,1
DA:2,1
DA:4,1
DA:6,1
DA:7,1
DA:10,1
DA:53,1
DA:54,1
DA:55,1
DA:56,1
DA:59,1
DA:60,1
DA:72,1
DA:76,1
DA:79,1
DA:97,1
DA:107,1
DA:120,0
DA:121,0
DA:122,0
DA:124,0
DA:125,0
DA:126,0
DA:127,0
DA:137,0
DA:138,0
DA:142,1
DA:143,0
DA:144,0
DA:145,0
DA:146,0
DA:147,0
DA:148,0
DA:149,0
DA:150,0
DA:151,0
DA:152,0
DA:153,0
DA:154,0
DA:155,0
DA:156,0
DA:157,0
DA:158,0
DA:159,0
DA:160,0
DA:161,0
DA:162,0
DA:163,0
DA:164,0
DA:168,0
DA:169,0
DA:170,0
DA:171,0
DA:173,0
DA:174,0
DA:177,0
DA:178,0
DA:182,0
DA:184,0
DA:185,0
DA:186,0
DA:198,1
DA:199,0
DA:201,0
DA:202,0
DA:203,0
DA:205,0
DA:206,0
DA:207,0
DA:208,0
DA:210,0
DA:212,0
DA:217,0
DA:218,0
DA:219,0
DA:220,0
DA:221,0
DA:231,0
DA:255,0
DA:261,0
DA:302,0
DA:304,0
DA:305,0
DA:307,0
DA:308,0
DA:310,0
DA:312,0
DA:314,0
DA:315,0
DA:316,0
DA:317,0
DA:319,0
DA:321,0
DA:322,0
DA:324,0
DA:328,0
DA:329,0
DA:330,0
DA:331,0
DA:332,0
DA:334,0
DA:336,0
DA:337,0
DA:339,0
DA:343,0
DA:344,0
DA:347,0
DA:349,0
DA:351,0
DA:352,0
DA:353,0
DA:355,0
DA:357,0
DA:360,0
DA:362,0
DA:368,0
DA:370,0
DA:371,0
DA:375,0
DA:376,0
DA:377,0
DA:378,0
DA:394,0
DA:395,0
DA:397,0
DA:398,0
DA:403,0
DA:407,0
DA:408,0
DA:409,0
DA:410,0
DA:413,0
DA:414,0
DA:416,0
DA:417,0
DA:418,0
DA:419,0
DA:420,0
DA:421,0
DA:427,0
DA:428,0
DA:436,0
DA:437,0
DA:438,0
DA:439,0
DA:440,0
DA:441,0
DA:442,0
DA:443,0
DA:448,0
DA:449,0
DA:455,1
DA:456,0
DA:464,0
DA:465,0
DA:466,0
DA:467,0
DA:480,1
LF:158
LH:21
BRDA:120,0,0,0
BRDA:120,0,1,0
BRDA:307,1,0,0
BRDA:307,1,1,0
BRDA:308,2,0,0
BRDA:308,2,1,0
BRDA:314,3,0,0
BRDA:314,3,1,0
BRDA:315,4,0,0
BRDA:315,4,1,0
BRDA:317,5,0,0
BRDA:317,5,1,0
BRDA:319,6,0,0
BRDA:319,6,1,0
BRDA:319,7,0,0
BRDA:319,7,1,0
BRDA:322,8,0,0
BRDA:322,8,1,0
BRDA:322,9,0,0
BRDA:322,9,1,0
BRDA:329,10,0,0
BRDA:329,10,1,0
BRDA:330,11,0,0
BRDA:330,11,1,0
BRDA:332,12,0,0
BRDA:332,12,1,0
BRDA:334,13,0,0
BRDA:334,13,1,0
BRDA:334,14,0,0
BRDA:334,14,1,0
BRDA:337,15,0,0
BRDA:337,15,1,0
BRDA:337,16,0,0
BRDA:337,16,1,0
BRDA:351,17,0,0
BRDA:351,17,1,0
BRDA:352,18,0,0
BRDA:352,18,1,0
BRDA:395,19,0,0
BRDA:395,19,1,0
BRDA:395,20,0,0
BRDA:395,20,1,0
BRDA:395,20,2,0
BRDA:416,21,0,0
BRDA:416,21,1,0
BRDA:417,22,0,0
BRDA:417,22,1,0
BRDA:438,23,0,0
BRDA:438,23,1,0
BRDA:439,24,0,0
BRDA:439,24,1,0
BRDA:153,25,0,0
BRDA:153,25,1,0
BRDA:154,26,0,0
BRDA:154,26,1,0
BRDA:154,27,0,0
BRDA:154,27,1,0
BRDA:157,28,0,0
BRDA:157,28,1,0
BRDA:157,29,0,0
BRDA:157,29,1,0
BRDA:159,30,0,0
BRDA:159,30,1,0
BRDA:159,31,0,0
BRDA:159,31,1,0
BRDA:159,31,2,0
BRDA:161,32,0,0
BRDA:161,32,1,0
BRDA:161,33,0,0
BRDA:161,33,1,0
BRDA:161,33,2,0
BRDA:163,34,0,0
BRDA:163,34,1,0
BRDA:168,35,0,0
BRDA:168,35,1,0
BRDA:168,36,0,0
BRDA:168,36,1,0
BRDA:170,37,0,0
BRDA:170,37,1,0
BRDA:170,38,0,0
BRDA:170,38,1,0
BRDA:170,38,2,0
BRDA:173,39,0,0
BRDA:173,39,1,0
BRDA:205,40,0,0
BRDA:205,40,1,0
BRDA:207,41,0,0
BRDA:207,41,1,0
BRDA:208,42,0,0
BRDA:208,42,1,0
BRDA:210,43,0,0
BRDA:210,43,1,0
BRDA:212,44,0,0
BRDA:212,44,1,0
BRDA:220,45,0,0
BRDA:220,45,1,0
BRF:96
BRH:0
end_of_record
TN:
SF:src\webparts\hawkGdpr\components\ListComponents\DialogOnClose.tsx
FN:90,(anonymous_6)
FN:100,DialogOnClose
FN:118,(anonymous_8)
FN:137,(anonymous_9)
FN:179,(anonymous_10)
FN:305,(anonymous_11)
FN:307,(anonymous_12)
FN:311,(anonymous_13)
FN:327,(anonymous_14)
FN:356,(anonymous_15)
FN:386,(anonymous_16)
FN:417,(anonymous_17)
FN:451,(anonymous_18)
FN:468,(anonymous_19)
FN:481,(anonymous_20)
FN:515,(anonymous_21)
FN:524,(anonymous_22)
FN:534,(anonymous_23)
FN:543,(anonymous_24)
FN:551,(anonymous_25)
FN:593,(anonymous_26)
FN:651,(anonymous_27)
FN:652,(anonymous_28)
FNF:23
FNH:1
FNDA:1,(anonymous_6)
FNDA:0,DialogOnClose
FNDA:0,(anonymous_8)
FNDA:0,(anonymous_9)
FNDA:0,(anonymous_10)
FNDA:0,(anonymous_11)
FNDA:0,(anonymous_12)
FNDA:0,(anonymous_13)
FNDA:0,(anonymous_14)
FNDA:0,(anonymous_15)
FNDA:0,(anonymous_16)
FNDA:0,(anonymous_17)
FNDA:0,(anonymous_18)
FNDA:0,(anonymous_19)
FNDA:0,(anonymous_20)
FNDA:0,(anonymous_21)
FNDA:0,(anonymous_22)
FNDA:0,(anonymous_23)
FNDA:0,(anonymous_24)
FNDA:0,(anonymous_25)
FNDA:0,(anonymous_26)
FNDA:0,(anonymous_27)
FNDA:0,(anonymous_28)
DA:1,1
DA:2,1
DA:3,1
DA:8,1
DA:10,1
DA:12,1
DA:13,1
DA:15,1
DA:16,1
DA:48,1
DA:55,1
DA:61,1
DA:90,1
DA:101,0
DA:103,0
DA:104,0
DA:105,0
DA:106,0
DA:107,0
DA:108,0
DA:118,0
DA:119,0
DA:120,0
DA:121,0
DA:122,0
DA:123,0
DA:124,0
DA:125,0
DA:126,0
DA:137,0
DA:139,0
DA:140,0
DA:141,0
DA:142,0
DA:144,0
DA:145,0
DA:148,0
DA:149,0
DA:150,0
DA:151,0
DA:154,0
DA:155,0
DA:159,0
DA:160,0
DA:162,0
DA:163,0
DA:165,0
DA:166,0
DA:168,0
DA:170,0
DA:171,0
DA:173,0
DA:174,0
DA:179,0
DA:180,0
DA:182,0
DA:184,0
DA:185,0
DA:186,0
DA:187,0
DA:188,0
DA:192,0
DA:195,0
DA:196,0
DA:198,0
DA:201,0
DA:202,0
DA:203,0
DA:206,0
DA:207,0
DA:208,0
DA:209,0
DA:213,0
DA:214,0
DA:215,0
DA:216,0
DA:217,0
DA:219,0
DA:220,0
DA:221,0
DA:222,0
DA:224,0
DA:225,0
DA:226,0
DA:227,0
DA:229,0
DA:234,0
DA:237,0
DA:238,0
DA:239,0
DA:240,0
DA:241,0
DA:244,0
DA:245,0
DA:246,0
DA:247,0
DA:248,0
DA:249,0
DA:253,0
DA:255,0
DA:256,0
DA:257,0
DA:259,0
DA:262,0
DA:265,0
DA:266,0
DA:267,0
DA:268,0
DA:270,0
DA:272,0
DA:277,0
DA:278,0
DA:279,0
DA:280,0
DA:281,0
DA:282,0
DA:283,0
DA:284,0
DA:285,0
DA:286,0
DA:287,0
DA:288,0
DA:289,0
DA:290,0
DA:292,0
DA:293,0
DA:306,0
DA:308,0
DA:309,0
DA:310,0
DA:313,0
DA:314,0
DA:315,0
DA:316,0
DA:317,0
DA:319,0
DA:320,0
DA:321,0
DA:322,0
DA:324,0
DA:325,0
DA:327,0
DA:328,0
DA:329,0
DA:330,0
DA:331,0
DA:332,0
DA:333,0
DA:334,0
DA:335,0
DA:336,0
DA:337,0
DA:338,0
DA:339,0
DA:340,0
DA:341,0
DA:342,0
DA:343,0
DA:345,0
DA:348,0
DA:352,0
DA:353,0
DA:354,0
DA:355,0
DA:356,0
DA:357,0
DA:358,0
DA:359,0
DA:361,0
DA:362,0
DA:365,0
DA:366,0
DA:367,0
DA:368,0
DA:369,0
DA:372,0
DA:373,0
DA:374,0
DA:375,0
DA:376,0
DA:378,0
DA:379,0
DA:380,0
DA:381,0
DA:383,0
DA:384,0
DA:386,0
DA:387,0
DA:388,0
DA:389,0
DA:390,0
DA:391,0
DA:392,0
DA:393,0
DA:394,0
DA:395,0
DA:396,0
DA:397,0
DA:398,0
DA:399,0
DA:400,0
DA:401,0
DA:402,0
DA:404,0
DA:407,0
DA:412,0
DA:413,0
DA:414,0
DA:415,0
DA:416,0
DA:417,0
DA:418,0
DA:419,0
DA:420,0
DA:422,0
DA:423,0
DA:426,0
DA:427,0
DA:428,0
DA:429,0
DA:434,0
DA:435,0
DA:436,0
DA:437,0
DA:438,0
DA:440,0
DA:441,0
DA:443,0
DA:444,0
DA:446,0
DA:447,0
DA:449,0
DA:450,0
DA:451,0
DA:452,0
DA:453,0
DA:454,0
DA:455,0
DA:456,0
DA:457,0
DA:458,0
DA:459,0
DA:460,0
DA:461,0
DA:462,0
DA:463,0
DA:464,0
DA:465,0
DA:468,0
DA:470,0
DA:471,0
DA:472,0
DA:473,0
DA:474,0
DA:475,0
DA:476,0
DA:479,0
DA:481,0
DA:482,0
DA:486,0
DA:489,0
DA:490,0
DA:491,0
DA:492,0
DA:493,0
DA:501,0
DA:507,0
DA:508,0
DA:515,0
DA:516,0
DA:517,0
DA:518,0
DA:524,0
DA:526,0
DA:527,0
DA:528,0
DA:534,0
DA:535,0
DA:536,0
DA:537,0
DA:543,0
DA:544,0
DA:545,0
DA:546,0
DA:551,1
DA:552,0
DA:553,0
DA:554,0
DA:555,0
DA:556,0
DA:558,0
DA:559,0
DA:560,0
DA:561,0
DA:562,0
DA:564,0
DA:565,0
DA:567,0
DA:570,0
DA:571,0
DA:572,0
DA:573,0
DA:575,0
DA:576,0
DA:577,0
DA:578,0
DA:579,0
DA:583,0
DA:584,0
DA:586,0
DA:593,1
DA:594,0
DA:595,0
DA:596,0
DA:597,0
DA:600,0
DA:651,0
DA:652,0
DA:659,1
LF:319
LH:16
BRDA:101,0,0,0
BRDA:101,0,1,0
BRDA:139,1,0,0
BRDA:139,1,1,0
BRDA:140,2,0,0
BRDA:140,2,1,0
BRDA:140,3,0,0
BRDA:140,3,1,0
BRDA:148,4,0,0
BRDA:148,4,1,0
BRDA:149,5,0,0
BRDA:149,5,1,0
BRDA:149,6,0,0
BRDA:149,6,1,0
BRDA:149,6,2,0
BRDA:159,7,0,0
BRDA:159,7,1,0
BRDA:160,8,0,0
BRDA:160,8,1,0
BRDA:160,9,0,0
BRDA:160,9,1,0
BRDA:160,9,2,0
BRDA:168,10,0,0
BRDA:168,10,1,0
BRDA:168,11,0,0
BRDA:168,11,1,0
BRDA:168,11,2,0
BRDA:188,12,0,0
BRDA:188,12,1,0
BRDA:188,13,0,0
BRDA:188,13,1,0
BRDA:188,13,2,0
BRDA:188,13,3,0
BRDA:219,14,0,0
BRDA:219,14,1,0
BRDA:226,15,0,0
BRDA:226,15,1,0
BRDA:234,16,0,0
BRDA:234,16,1,0
BRDA:234,17,0,0
BRDA:234,17,1,0
BRDA:237,18,0,0
BRDA:237,18,1,0
BRDA:244,19,0,0
BRDA:244,19,1,0
BRDA:256,20,0,0
BRDA:256,20,1,0
BRDA:267,21,0,0
BRDA:267,21,1,0
BRDA:313,22,0,0
BRDA:313,22,1,0
BRDA:321,23,0,0
BRDA:321,23,1,0
BRDA:321,24,0,0
BRDA:321,24,1,0
BRDA:324,25,0,0
BRDA:324,25,1,0
BRDA:324,26,0,0
BRDA:324,26,1,0
BRDA:328,27,0,0
BRDA:328,27,1,0
BRDA:338,28,0,0
BRDA:338,28,1,0
BRDA:357,29,0,0
BRDA:357,29,1,0
BRDA:372,30,0,0
BRDA:372,30,1,0
BRDA:380,31,0,0
BRDA:380,31,1,0
BRDA:380,32,0,0
BRDA:380,32,1,0
BRDA:383,33,0,0
BRDA:383,33,1,0
BRDA:383,34,0,0
BRDA:383,34,1,0
BRDA:387,35,0,0
BRDA:387,35,1,0
BRDA:397,36,0,0
BRDA:397,36,1,0
BRDA:418,37,0,0
BRDA:418,37,1,0
BRDA:434,38,0,0
BRDA:434,38,1,0
BRDA:440,39,0,0
BRDA:440,39,1,0
BRDA:440,40,0,0
BRDA:440,40,1,0
BRDA:443,41,0,0
BRDA:443,41,1,0
BRDA:443,42,0,0
BRDA:443,42,1,0
BRDA:446,43,0,0
BRDA:446,43,1,0
BRDA:446,44,0,0
BRDA:446,44,1,0
BRDA:452,45,0,0
BRDA:452,45,1,0
BRDA:461,46,0,0
BRDA:461,46,1,0
BRDA:462,47,0,0
BRDA:462,47,1,0
BRDA:464,48,0,0
BRDA:464,48,1,0
BRDA:473,49,0,0
BRDA:473,49,1,0
BRDA:560,50,0,0
BRDA:560,50,1,0
BRDA:567,51,0,0
BRDA:567,51,1,0
BRDA:567,52,0,0
BRDA:567,52,1,0
BRDA:567,52,2,0
BRDA:567,52,3,0
BRDA:575,53,0,0
BRDA:575,53,1,0
BRDA:575,54,0,0
BRDA:575,54,1,0
BRDA:577,55,0,0
BRDA:577,55,1,0
BRDA:608,56,0,0
BRDA:608,56,1,0
BRDA:608,56,2,0
BRDA:608,56,3,0
BRDA:611,57,0,0
BRDA:611,57,1,0
BRDA:611,57,2,0
BRDA:622,58,0,0
BRDA:622,58,1,0
BRDA:622,58,2,0
BRDA:622,58,3,0
BRDA:625,59,0,0
BRDA:625,59,1,0
BRDA:625,59,2,0
BRDA:630,60,0,0
BRDA:630,60,1,0
BRDA:630,60,2,0
BRDA:630,60,3,0
BRDA:635,61,0,0
BRDA:635,61,1,0
BRDA:635,61,2,0
BRDA:635,61,3,0
BRDA:642,62,0,0
BRDA:642,62,1,0
BRDA:642,62,2,0
BRDA:642,62,3,0
BRDA:645,63,0,0
BRDA:645,63,1,0
BRDA:645,63,2,0
BRF:148
BRH:0
end_of_record
